{"level":"WARN","ts":"2025-07-28T00:02:13.290+0600","logger":"anytype-config","msg":"using sqlite storage"}
{"level":"WARN","ts":"2025-07-28T00:02:13.421+0600","logger":"anytype-mw-smartblock","msg":"failed to get recommended layout from details of type: failed to query object _otrecipe: %!w(<nil>). Fallback to basic layout"}
{"level":"WARN","ts":"2025-07-28T00:02:13.430+0600","logger":"anytype-mw-smartblock","msg":"failed to get recommended layout from details of type: failed to query object _otgoal: %!w(<nil>). Fallback to basic layout"}
{"level":"WARN","ts":"2025-07-28T00:02:13.432+0600","logger":"anytype-mw-smartblock","msg":"failed to get recommended layout from details of type: failed to query object _otcontact: %!w(<nil>). Fallback to basic layout"}
{"level":"WARN","ts":"2025-07-28T00:02:13.437+0600","logger":"anytype-mw-smartblock","msg":"failed to get recommended layout from details of type: failed to query object _otmovie: %!w(<nil>). Fallback to basic layout"}
{"level":"WARN","ts":"2025-07-28T00:02:13.438+0600","logger":"anytype-mw-smartblock","msg":"failed to get recommended layout from details of type: failed to query object _otdiaryEntry: %!w(<nil>). Fallback to basic layout"}
{"level":"WARN","ts":"2025-07-28T00:02:13.440+0600","logger":"anytype-mw-smartblock","msg":"failed to get recommended layout from details of type: failed to query object _ottask: %!w(<nil>). Fallback to basic layout"}
{"level":"WARN","ts":"2025-07-28T00:02:13.441+0600","logger":"anytype-mw-smartblock","msg":"failed to get recommended layout from details of type: failed to query object _otproject: %!w(<nil>). Fallback to basic layout"}
{"level":"WARN","ts":"2025-07-28T00:02:13.443+0600","logger":"anytype-mw-smartblock","msg":"failed to get recommended layout from details of type: failed to query object _otbook: %!w(<nil>). Fallback to basic layout"}
{"level":"WARN","ts":"2025-07-28T00:02:13.445+0600","logger":"anytype-mw-smartblock","msg":"failed to get recommended layout from details of type: failed to query object _otbook: %!w(<nil>). Fallback to basic layout"}
{"level":"WARN","ts":"2025-07-28T00:02:13.446+0600","logger":"anytype-mw-smartblock","msg":"failed to get recommended layout from details of type: failed to query object _otrecipe: %!w(<nil>). Fallback to basic layout"}
{"level":"WARN","ts":"2025-07-28T00:02:13.448+0600","logger":"anytype-mw-smartblock","msg":"failed to get recommended layout from details of type: failed to query object _otgoal: %!w(<nil>). Fallback to basic layout"}
{"level":"WARN","ts":"2025-07-28T00:02:13.449+0600","logger":"anytype-mw-smartblock","msg":"failed to get recommended layout from details of type: failed to query object _otcontact: %!w(<nil>). Fallback to basic layout"}
{"level":"WARN","ts":"2025-07-28T00:02:13.450+0600","logger":"anytype-mw-smartblock","msg":"failed to get recommended layout from details of type: failed to query object _otmovie: %!w(<nil>). Fallback to basic layout"}
{"level":"WARN","ts":"2025-07-28T00:02:13.451+0600","logger":"anytype-mw-smartblock","msg":"failed to get recommended layout from details of type: failed to query object _otdiaryEntry: %!w(<nil>). Fallback to basic layout"}
{"level":"WARN","ts":"2025-07-28T00:02:13.452+0600","logger":"anytype-mw-smartblock","msg":"failed to get recommended layout from details of type: failed to query object _ottask: %!w(<nil>). Fallback to basic layout"}
{"level":"WARN","ts":"2025-07-28T00:02:13.453+0600","logger":"anytype-mw-smartblock","msg":"failed to get recommended layout from details of type: failed to query object _otproject: %!w(<nil>). Fallback to basic layout"}
{"level":"WARN","ts":"2025-07-28T00:02:13.454+0600","logger":"anytype-mw-smartblock","msg":"failed to get recommended layout from details of type: failed to query object _otbook: %!w(<nil>). Fallback to basic layout"}
{"level":"WARN","ts":"2025-07-28T00:02:13.455+0600","logger":"anytype-mw-smartblock","msg":"failed to get recommended layout from details of type: failed to query object _otbook: %!w(<nil>). Fallback to basic layout"}
{"level":"ERROR","ts":"2025-07-28T00:02:14.480+0600","logger":"cache","msg":"can not get membership status from cache","error":"Key not found","errorVerbose":"Key not found\ngithub.com/dgraph-io/badger/v4.init\n\t<autogenerated>:1\nruntime.doInit1\n\t/opt/homebrew/Cellar/go@1.23/1.23.7/libexec/src/runtime/proc.go:7291\nruntime.doInit\n\t/opt/homebrew/Cellar/go@1.23/1.23.7/libexec/src/runtime/proc.go:7258\nruntime.main\n\t/opt/homebrew/Cellar/go@1.23/1.23.7/libexec/src/runtime/proc.go:254\nruntime.goexit\n\t/opt/homebrew/Cellar/go@1.23/1.23.7/libexec/src/runtime/asm_amd64.s:1700"}
{"level":"WARN","ts":"2025-07-28T00:02:14.481+0600","logger":"anytype-app","msg":"app started","total":1191,"rpc":"AccountSelect","indexer":1,"core.subscription.crossspacesub":7,"fts":31,"client.space.clientserver":2,"client.space":1069,"objectstore":18,"common.commonfile.fileblockstore":1,"datastore_spaceStoreWasMissing":true,"datastore_spaceStoreMode":0,"datastore_localStoreWasMissing":true,"datastore_spentOnInit":8}
{"level":"INFO","ts":"2025-07-28T00:02:14.576+0600","logger":"common.commonspace.headsync","msg":"sync done:","spaceId":"bafyreicdzq6c3kz6nsonwfhiusmdbotrbqi7gycegdbl6j5ks5twhbfvzi.1uo5oqcy7r8g4","newIds":11,"changedIds":0,"removedIds":0,"already deleted ids":0,"peerId":"12D3KooWLNJbA9gUwccuhxyWvn2uyrNUt7AHYCaQV5FWTq6Ss7AR"}
{"level":"ERROR","ts":"2025-07-28T00:02:14.579+0600","logger":"anytype-mw-subscription","msg":"can't get relation lastMessageDate: datastore: key not found"}
{"level":"INFO","ts":"2025-07-28T00:02:14.688+0600","logger":"core.block.editor.spaceview","msg":"set space persistent info","spaceId":"bafyreiejkkashkojxo6bp4s6r7x7bs4o6twvx7xfoc7w7jjbhjc5mda3ye.1uo5oqcy7r8g4","spaceId":"bafyreiejkkashkojxo6bp4s6r7x7bs4o6twvx7xfoc7w7jjbhjc5mda3ye.1uo5oqcy7r8g4","accountStatus":"Deleted"}
{"level":"INFO","ts":"2025-07-28T00:02:14.798+0600","logger":"core.block.editor.spaceview","msg":"set space persistent info","spaceId":"bafyreibnkzrwvc43xam6o4yqxwomywlmyevmgb7rohxicsz26gy42kdsxa.1uo5oqcy7r8g4","spaceId":"bafyreibnkzrwvc43xam6o4yqxwomywlmyevmgb7rohxicsz26gy42kdsxa.1uo5oqcy7r8g4","accountStatus":"Deleted"}
{"level":"INFO","ts":"2025-07-28T00:02:14.798+0600","logger":"core.block.editor.spaceview","msg":"set space persistent info","spaceId":"bafyreieob5ffqwsrg7u4z2epgpst2rin7onhyjn257hxcu3tbifldda47e.1uo5oqcy7r8g4","spaceId":"bafyreieob5ffqwsrg7u4z2epgpst2rin7onhyjn257hxcu3tbifldda47e.1uo5oqcy7r8g4","accountStatus":"Unknown"}
{"level":"INFO","ts":"2025-07-28T00:02:14.799+0600","logger":"core.block.editor.spaceview","msg":"set space persistent info","spaceId":"bafyreid4lacw7s6uoz4xgbtf7fy3air4fllcv6pjrs5hqru3om5qeoizfu.1uo5oqcy7r8g4","spaceId":"bafyreid4lacw7s6uoz4xgbtf7fy3air4fllcv6pjrs5hqru3om5qeoizfu.1uo5oqcy7r8g4","accountStatus":"Deleted"}
{"level":"INFO","ts":"2025-07-28T00:02:14.808+0600","logger":"core.block.editor.spaceview","msg":"set space persistent info","spaceId":"bafyreiavhao7iktvgatbffdkeakmcti2i7jb3dgw4xjhzo2bond3u6wana.1uo5oqcy7r8g4","spaceId":"bafyreiavhao7iktvgatbffdkeakmcti2i7jb3dgw4xjhzo2bond3u6wana.1uo5oqcy7r8g4","accountStatus":"Deleted"}
{"level":"INFO","ts":"2025-07-28T00:02:14.819+0600","logger":"core.block.editor.spaceview","msg":"set space persistent info","spaceId":"bafyreighnykrv6ipujtts2vjweuazwlsllr4mghxr7imohxwnio4xrvvle.1uo5oqcy7r8g4","spaceId":"bafyreighnykrv6ipujtts2vjweuazwlsllr4mghxr7imohxwnio4xrvvle.1uo5oqcy7r8g4","accountStatus":"Unknown"}
{"level":"INFO","ts":"2025-07-28T00:02:14.824+0600","logger":"core.block.editor.spaceview","msg":"set space persistent info","spaceId":"bafyreig27v2yxyaklv7o2lsxjsmz2p44rskpqzojd72kaqavmzrrpagtee.1uo5oqcy7r8g4","spaceId":"bafyreig27v2yxyaklv7o2lsxjsmz2p44rskpqzojd72kaqavmzrrpagtee.1uo5oqcy7r8g4","accountStatus":"Deleted"}
{"level":"INFO","ts":"2025-07-28T00:02:14.827+0600","logger":"core.block.editor.spaceview","msg":"set space persistent info","spaceId":"bafyreiezkxnidwmy7evp4vblju5flchvgl45gkv3rqgqllhhxzemtifxzm.1uo5oqcy7r8g4","spaceId":"bafyreiezkxnidwmy7evp4vblju5flchvgl45gkv3rqgqllhhxzemtifxzm.1uo5oqcy7r8g4","accountStatus":"Deleted"}
{"level":"INFO","ts":"2025-07-28T00:02:14.895+0600","logger":"core.block.editor.spaceview","msg":"set space persistent info","spaceId":"bafyreifz7knqu2z4abg6jtvar3luw6f2j2cmh2tgemlltfdxiboenfj6iq.1uo5oqcy7r8g4","spaceId":"bafyreifz7knqu2z4abg6jtvar3luw6f2j2cmh2tgemlltfdxiboenfj6iq.1uo5oqcy7r8g4","accountStatus":"Deleted"}
{"level":"INFO","ts":"2025-07-28T00:02:15.400+0600","logger":"common.commonspace.headsync","msg":"sync done:","spaceId":"bafyreieob5ffqwsrg7u4z2epgpst2rin7onhyjn257hxcu3tbifldda47e.1uo5oqcy7r8g4","newIds":137,"changedIds":1,"removedIds":0,"already deleted ids":0,"peerId":"12D3KooWLNJbA9gUwccuhxyWvn2uyrNUt7AHYCaQV5FWTq6Ss7AR"}
{"level":"INFO","ts":"2025-07-28T00:02:15.403+0600","logger":"common.commonspace.headsync","msg":"sync done:","spaceId":"bafyreighnykrv6ipujtts2vjweuazwlsllr4mghxr7imohxwnio4xrvvle.1uo5oqcy7r8g4","newIds":151,"changedIds":0,"removedIds":0,"already deleted ids":0,"peerId":"12D3KooWLNJbA9gUwccuhxyWvn2uyrNUt7AHYCaQV5FWTq6Ss7AR"}
{"level":"WARN","ts":"2025-07-28T00:02:17.874+0600","logger":"client.spaceobject.objectprovider","msg":"loadObjectsAsync failed","error":"build tree: tree not found","spaceId":"bafyreieob5ffqwsrg7u4z2epgpst2rin7onhyjn257hxcu3tbifldda47e.1uo5oqcy7r8g4","objectId":"bafyreibsks7xps47aulbkty5odaxih6rfk3wewkvyzz2zyakrzwxx5nrym"}
{"level":"WARN","ts":"2025-07-28T00:02:17.874+0600","logger":"client.spaceobject.objectprovider","msg":"can't load object","error":"build tree: tree not found"}
{"level":"WARN","ts":"2025-07-28T00:02:17.893+0600","logger":"client.spaceobject.objectprovider","msg":"loadObjectsAsync failed","error":"build tree: tree not found","spaceId":"bafyreieob5ffqwsrg7u4z2epgpst2rin7onhyjn257hxcu3tbifldda47e.1uo5oqcy7r8g4","objectId":"bafyreiczac4ilquiwe7evpgslfyo7xzvmb3f2nbfmnn46lnm5gudep4yfm"}
{"level":"WARN","ts":"2025-07-28T00:02:17.893+0600","logger":"client.spaceobject.objectprovider","msg":"can't load object","error":"build tree: tree not found"}
{"level":"WARN","ts":"2025-07-28T00:02:18.044+0600","logger":"client.spaceobject.objectprovider","msg":"loadObjectsAsync failed","error":"build tree: tree not found","spaceId":"bafyreighnykrv6ipujtts2vjweuazwlsllr4mghxr7imohxwnio4xrvvle.1uo5oqcy7r8g4","objectId":"bafyreiaysi7wn7a5dsj342newggn6dtxcidtyqjkibe7aici7y7elasf44"}
{"level":"WARN","ts":"2025-07-28T00:02:18.044+0600","logger":"client.spaceobject.objectprovider","msg":"can't load object","error":"build tree: tree not found"}
{"level":"WARN","ts":"2025-07-28T00:02:18.045+0600","logger":"client.spaceobject.objectprovider","msg":"loadObjectsAsync failed","error":"build tree: tree not found","spaceId":"bafyreighnykrv6ipujtts2vjweuazwlsllr4mghxr7imohxwnio4xrvvle.1uo5oqcy7r8g4","objectId":"bafyreichqfcwi2x7s5un5c3jb4m62n5y4r2kh6tdixfrtw4utpiutuc26q"}
{"level":"WARN","ts":"2025-07-28T00:02:18.045+0600","logger":"client.spaceobject.objectprovider","msg":"can't load object","error":"build tree: tree not found"}
{"level":"WARN","ts":"2025-07-28T00:02:18.187+0600","logger":"client.spaceobject.objectprovider","msg":"loadObjectsAsync failed","error":"build tree: tree not found","spaceId":"bafyreieob5ffqwsrg7u4z2epgpst2rin7onhyjn257hxcu3tbifldda47e.1uo5oqcy7r8g4","objectId":"bafyreiey3vxlt4vwqy7qzaxudlp7nearlitmbtjz3pnkrjjheoou7fptgi"}
{"level":"WARN","ts":"2025-07-28T00:02:18.187+0600","logger":"client.spaceobject.objectprovider","msg":"can't load object","error":"build tree: tree not found"}
{"level":"WARN","ts":"2025-07-28T00:02:18.200+0600","logger":"client.spaceobject.objectprovider","msg":"loadObjectsAsync failed","error":"build tree: tree not found","spaceId":"bafyreieob5ffqwsrg7u4z2epgpst2rin7onhyjn257hxcu3tbifldda47e.1uo5oqcy7r8g4","objectId":"bafyreia4mitf7m255ejslygjic4e3kbkqrss5imerv2lzfcdf2d3xjk7ty"}
{"level":"WARN","ts":"2025-07-28T00:02:18.200+0600","logger":"client.spaceobject.objectprovider","msg":"can't load object","error":"build tree: tree not found"}
{"level":"WARN","ts":"2025-07-28T00:02:18.207+0600","logger":"client.spaceobject.objectprovider","msg":"loadObjectsAsync failed","error":"build tree: tree not found","spaceId":"bafyreieob5ffqwsrg7u4z2epgpst2rin7onhyjn257hxcu3tbifldda47e.1uo5oqcy7r8g4","objectId":"bafyreiatvogvnpu6ykjnudrbd7n5gejnugdmzjmh5usnm5dv73xi2cfmcm"}
{"level":"WARN","ts":"2025-07-28T00:02:18.207+0600","logger":"client.spaceobject.objectprovider","msg":"can't load object","error":"build tree: tree not found"}
{"level":"WARN","ts":"2025-07-28T00:02:18.218+0600","logger":"client.spaceobject.objectprovider","msg":"loadObjectsAsync failed","error":"build tree: tree not found","spaceId":"bafyreieob5ffqwsrg7u4z2epgpst2rin7onhyjn257hxcu3tbifldda47e.1uo5oqcy7r8g4","objectId":"bafyreian3pmikf7uliu57rctwgog7uizdijawpkl3lc7sktw6y5nntmw4e"}
{"level":"WARN","ts":"2025-07-28T00:02:18.218+0600","logger":"client.spaceobject.objectprovider","msg":"can't load object","error":"build tree: tree not found"}
{"level":"WARN","ts":"2025-07-28T00:02:18.245+0600","logger":"client.spaceobject.objectprovider","msg":"loadObjectsAsync failed","error":"build tree: tree not found","spaceId":"bafyreieob5ffqwsrg7u4z2epgpst2rin7onhyjn257hxcu3tbifldda47e.1uo5oqcy7r8g4","objectId":"bafyreick57mpwplvdtoyjrwv4sfaskpvnvlc6ud3lqkop3pp2swes5j7ci"}
{"level":"WARN","ts":"2025-07-28T00:02:18.245+0600","logger":"client.spaceobject.objectprovider","msg":"can't load object","error":"build tree: tree not found"}
{"level":"WARN","ts":"2025-07-28T00:02:18.251+0600","logger":"client.spaceobject.objectprovider","msg":"loadObjectsAsync failed","error":"build tree: tree not found","spaceId":"bafyreieob5ffqwsrg7u4z2epgpst2rin7onhyjn257hxcu3tbifldda47e.1uo5oqcy7r8g4","objectId":"bafyreifnggde34yaedkdpuljzmwmkc6x4vlyzjwyq75667tbkhwljklev4"}
{"level":"WARN","ts":"2025-07-28T00:02:18.251+0600","logger":"client.spaceobject.objectprovider","msg":"can't load object","error":"build tree: tree not found"}
{"level":"WARN","ts":"2025-07-28T00:02:18.262+0600","logger":"client.spaceobject.objectprovider","msg":"loadObjectsAsync failed","error":"build tree: tree not found","spaceId":"bafyreieob5ffqwsrg7u4z2epgpst2rin7onhyjn257hxcu3tbifldda47e.1uo5oqcy7r8g4","objectId":"bafyreihryek4na6quzoukjoapmaufwirxy2wu24z3zyqbcwvtoxmzvfqt4"}
{"level":"WARN","ts":"2025-07-28T00:02:18.262+0600","logger":"client.spaceobject.objectprovider","msg":"can't load object","error":"build tree: tree not found"}
{"level":"WARN","ts":"2025-07-28T00:02:18.294+0600","logger":"client.spaceobject.objectprovider","msg":"loadObjectsAsync failed","error":"build tree: tree not found","spaceId":"bafyreieob5ffqwsrg7u4z2epgpst2rin7onhyjn257hxcu3tbifldda47e.1uo5oqcy7r8g4","objectId":"bafyreifmaafg6m4zi65ba3jjt67ecv67iaktx5g47haxgdni3hb6y54fha"}
{"level":"WARN","ts":"2025-07-28T00:02:18.294+0600","logger":"client.spaceobject.objectprovider","msg":"can't load object","error":"build tree: tree not found"}
{"level":"WARN","ts":"2025-07-28T00:02:18.321+0600","logger":"client.spaceobject.objectprovider","msg":"loadObjectsAsync failed","error":"build tree: tree not found","spaceId":"bafyreieob5ffqwsrg7u4z2epgpst2rin7onhyjn257hxcu3tbifldda47e.1uo5oqcy7r8g4","objectId":"bafyreiblwiaxc6t7imknynb3f534ej6iaqmaozyw5ywcomeelspevk4akq"}
{"level":"WARN","ts":"2025-07-28T00:02:18.321+0600","logger":"client.spaceobject.objectprovider","msg":"can't load object","error":"build tree: tree not found"}
{"level":"WARN","ts":"2025-07-28T00:02:18.321+0600","logger":"client.space","msg":"load bundled objects","duration":"3.255243978s"}
{"level":"WARN","ts":"2025-07-28T00:02:18.321+0600","logger":"client.space","msg":"missing bundled objects","ids":["_brspaceInviteType","_brspaceInvitePermissions","_briconName","_brrecommendedFeaturedRelations","_brrecommendedHiddenRelations","_brrecommendedFileRelations","_brlayoutWidth","_brdefaultViewType","_brdefaultTypeId","_brresolvedLayout","_brpluralName"]}
{"level":"WARN","ts":"2025-07-28T00:02:18.359+0600","logger":"client.spaceobject.objectprovider","msg":"loadObjectsAsync failed","error":"build tree: tree not found","spaceId":"bafyreighnykrv6ipujtts2vjweuazwlsllr4mghxr7imohxwnio4xrvvle.1uo5oqcy7r8g4","objectId":"bafyreie42s5ltize7h5ztn7zks4b5wupsofdsw2ggcd4drn3ysvo5pn6ku"}
{"level":"WARN","ts":"2025-07-28T00:02:18.359+0600","logger":"client.spaceobject.objectprovider","msg":"can't load object","error":"build tree: tree not found"}
{"level":"WARN","ts":"2025-07-28T00:02:18.370+0600","logger":"client.spaceobject.objectprovider","msg":"loadObjectsAsync failed","error":"build tree: tree not found","spaceId":"bafyreighnykrv6ipujtts2vjweuazwlsllr4mghxr7imohxwnio4xrvvle.1uo5oqcy7r8g4","objectId":"bafyreibgstekhs6p2nbvqbur6bonbrfpd3ny44rrmoupmxl3hr74wajvzq"}
{"level":"WARN","ts":"2025-07-28T00:02:18.370+0600","logger":"client.spaceobject.objectprovider","msg":"can't load object","error":"build tree: tree not found"}
{"level":"WARN","ts":"2025-07-28T00:02:18.401+0600","logger":"client.spaceobject.objectprovider","msg":"loadObjectsAsync failed","error":"build tree: tree not found","spaceId":"bafyreighnykrv6ipujtts2vjweuazwlsllr4mghxr7imohxwnio4xrvvle.1uo5oqcy7r8g4","objectId":"bafyreibkrl7fpxpnlnlzq55jgmcpg66vp6vsjicyp72ath63keqto7fyfu"}
{"level":"WARN","ts":"2025-07-28T00:02:18.402+0600","logger":"client.spaceobject.objectprovider","msg":"can't load object","error":"build tree: tree not found"}
{"level":"WARN","ts":"2025-07-28T00:02:18.414+0600","logger":"client.spaceobject.objectprovider","msg":"loadObjectsAsync failed","error":"build tree: tree not found","spaceId":"bafyreighnykrv6ipujtts2vjweuazwlsllr4mghxr7imohxwnio4xrvvle.1uo5oqcy7r8g4","objectId":"bafyreiavelemw2nbkyzli4fwbpzqchjml4pigv52mmawauz7getkeu3u6y"}
{"level":"WARN","ts":"2025-07-28T00:02:18.414+0600","logger":"client.spaceobject.objectprovider","msg":"can't load object","error":"build tree: tree not found"}
{"level":"WARN","ts":"2025-07-28T00:02:18.434+0600","logger":"client.spaceobject.objectprovider","msg":"loadObjectsAsync failed","error":"build tree: tree not found","spaceId":"bafyreighnykrv6ipujtts2vjweuazwlsllr4mghxr7imohxwnio4xrvvle.1uo5oqcy7r8g4","objectId":"bafyreihsvski7kb7m6edvpl2fpxnffkidwh6cblghh4byrbhanu4yswppu"}
{"level":"WARN","ts":"2025-07-28T00:02:18.434+0600","logger":"client.spaceobject.objectprovider","msg":"can't load object","error":"build tree: tree not found"}
{"level":"WARN","ts":"2025-07-28T00:02:18.447+0600","logger":"client.spaceobject.objectprovider","msg":"loadObjectsAsync failed","error":"build tree: tree not found","spaceId":"bafyreighnykrv6ipujtts2vjweuazwlsllr4mghxr7imohxwnio4xrvvle.1uo5oqcy7r8g4","objectId":"bafyreia3ipvqiom5yomll4iibopa56yataqadm6zkn32mkqlbl4xadqsr4"}
{"level":"WARN","ts":"2025-07-28T00:02:18.447+0600","logger":"client.spaceobject.objectprovider","msg":"can't load object","error":"build tree: tree not found"}
{"level":"WARN","ts":"2025-07-28T00:02:18.467+0600","logger":"client.spaceobject.objectprovider","msg":"loadObjectsAsync failed","error":"build tree: tree not found","spaceId":"bafyreighnykrv6ipujtts2vjweuazwlsllr4mghxr7imohxwnio4xrvvle.1uo5oqcy7r8g4","objectId":"bafyreif7jbw4t2ny2kigljrzlnluriubljeomac7bv6zro6fy3qnlhtpum"}
{"level":"WARN","ts":"2025-07-28T00:02:18.467+0600","logger":"client.spaceobject.objectprovider","msg":"can't load object","error":"build tree: tree not found"}
{"level":"WARN","ts":"2025-07-28T00:02:18.479+0600","logger":"client.spaceobject.objectprovider","msg":"loadObjectsAsync failed","error":"build tree: tree not found","spaceId":"bafyreighnykrv6ipujtts2vjweuazwlsllr4mghxr7imohxwnio4xrvvle.1uo5oqcy7r8g4","objectId":"bafyreigp6j32folfn3mndioiw2ypdhqus7zez54ctljzfxsih2d6hkwt74"}
{"level":"WARN","ts":"2025-07-28T00:02:18.479+0600","logger":"client.spaceobject.objectprovider","msg":"can't load object","error":"build tree: tree not found"}
{"level":"WARN","ts":"2025-07-28T00:02:18.521+0600","logger":"client.spaceobject.objectprovider","msg":"loadObjectsAsync failed","error":"build tree: tree not found","spaceId":"bafyreighnykrv6ipujtts2vjweuazwlsllr4mghxr7imohxwnio4xrvvle.1uo5oqcy7r8g4","objectId":"bafyreiauy2xjvlr3oh4g344kiwtmog6nbkdxfblwfi4ds2k644khdo3zze"}
{"level":"WARN","ts":"2025-07-28T00:02:18.521+0600","logger":"client.spaceobject.objectprovider","msg":"can't load object","error":"build tree: tree not found"}
{"level":"WARN","ts":"2025-07-28T00:02:18.521+0600","logger":"client.space","msg":"load bundled objects","duration":"3.438037829s"}
{"level":"WARN","ts":"2025-07-28T00:02:18.521+0600","logger":"client.space","msg":"missing bundled objects","ids":["_brspaceInviteType","_brspaceInvitePermissions","_briconName","_brrecommendedFeaturedRelations","_brrecommendedHiddenRelations","_brrecommendedFileRelations","_brlayoutWidth","_brdefaultViewType","_brdefaultTypeId","_brresolvedLayout","_brpluralName"]}
{"level":"INFO","ts":"2025-07-28T00:05:34.685+0600","logger":"common.commonspace.headsync","msg":"sync done:","spaceId":"bafyreicdzq6c3kz6nsonwfhiusmdbotrbqi7gycegdbl6j5ks5twhbfvzi.1uo5oqcy7r8g4","newIds":0,"changedIds":0,"removedIds":0,"already deleted ids":0,"peerId":"12D3KooWLNJbA9gUwccuhxyWvn2uyrNUt7AHYCaQV5FWTq6Ss7AR"}
{"level":"INFO","ts":"2025-07-28T00:05:35.509+0600","logger":"common.commonspace.headsync","msg":"sync done:","spaceId":"bafyreieob5ffqwsrg7u4z2epgpst2rin7onhyjn257hxcu3tbifldda47e.1uo5oqcy7r8g4","newIds":0,"changedIds":0,"removedIds":0,"already deleted ids":0,"peerId":"12D3KooWLNJbA9gUwccuhxyWvn2uyrNUt7AHYCaQV5FWTq6Ss7AR"}
{"level":"INFO","ts":"2025-07-28T00:05:35.511+0600","logger":"common.commonspace.headsync","msg":"sync done:","spaceId":"bafyreighnykrv6ipujtts2vjweuazwlsllr4mghxr7imohxwnio4xrvvle.1uo5oqcy7r8g4","newIds":0,"changedIds":0,"removedIds":0,"already deleted ids":0,"peerId":"12D3KooWLNJbA9gUwccuhxyWvn2uyrNUt7AHYCaQV5FWTq6Ss7AR"}
{"level":"INFO","ts":"2025-07-28T00:09:14.684+0600","logger":"common.commonspace.headsync","msg":"sync done:","spaceId":"bafyreicdzq6c3kz6nsonwfhiusmdbotrbqi7gycegdbl6j5ks5twhbfvzi.1uo5oqcy7r8g4","newIds":0,"changedIds":0,"removedIds":0,"already deleted ids":0,"peerId":"12D3KooWLNJbA9gUwccuhxyWvn2uyrNUt7AHYCaQV5FWTq6Ss7AR"}
{"level":"INFO","ts":"2025-07-28T00:09:15.516+0600","logger":"common.commonspace.headsync","msg":"sync done:","spaceId":"bafyreieob5ffqwsrg7u4z2epgpst2rin7onhyjn257hxcu3tbifldda47e.1uo5oqcy7r8g4","newIds":0,"changedIds":0,"removedIds":0,"already deleted ids":0,"peerId":"12D3KooWLNJbA9gUwccuhxyWvn2uyrNUt7AHYCaQV5FWTq6Ss7AR"}
{"level":"INFO","ts":"2025-07-28T00:09:15.516+0600","logger":"common.commonspace.headsync","msg":"sync done:","spaceId":"bafyreighnykrv6ipujtts2vjweuazwlsllr4mghxr7imohxwnio4xrvvle.1uo5oqcy7r8g4","newIds":0,"changedIds":0,"removedIds":0,"already deleted ids":0,"peerId":"12D3KooWLNJbA9gUwccuhxyWvn2uyrNUt7AHYCaQV5FWTq6Ss7AR"}
{"level":"INFO","ts":"2025-07-28T00:12:34.684+0600","logger":"common.commonspace.headsync","msg":"sync done:","spaceId":"bafyreicdzq6c3kz6nsonwfhiusmdbotrbqi7gycegdbl6j5ks5twhbfvzi.1uo5oqcy7r8g4","newIds":0,"changedIds":0,"removedIds":0,"already deleted ids":0,"peerId":"12D3KooWLNJbA9gUwccuhxyWvn2uyrNUt7AHYCaQV5FWTq6Ss7AR"}
{"level":"INFO","ts":"2025-07-28T00:12:55.508+0600","logger":"common.commonspace.headsync","msg":"sync done:","spaceId":"bafyreieob5ffqwsrg7u4z2epgpst2rin7onhyjn257hxcu3tbifldda47e.1uo5oqcy7r8g4","newIds":0,"changedIds":0,"removedIds":0,"already deleted ids":0,"peerId":"12D3KooWLNJbA9gUwccuhxyWvn2uyrNUt7AHYCaQV5FWTq6Ss7AR"}
{"level":"INFO","ts":"2025-07-28T00:12:55.510+0600","logger":"common.commonspace.headsync","msg":"sync done:","spaceId":"bafyreighnykrv6ipujtts2vjweuazwlsllr4mghxr7imohxwnio4xrvvle.1uo5oqcy7r8g4","newIds":0,"changedIds":0,"removedIds":0,"already deleted ids":0,"peerId":"12D3KooWLNJbA9gUwccuhxyWvn2uyrNUt7AHYCaQV5FWTq6Ss7AR"}
{"level":"INFO","ts":"2025-07-28T00:16:14.680+0600","logger":"common.commonspace.headsync","msg":"sync done:","spaceId":"bafyreicdzq6c3kz6nsonwfhiusmdbotrbqi7gycegdbl6j5ks5twhbfvzi.1uo5oqcy7r8g4","newIds":0,"changedIds":0,"removedIds":0,"already deleted ids":0,"peerId":"12D3KooWLNJbA9gUwccuhxyWvn2uyrNUt7AHYCaQV5FWTq6Ss7AR"}
{"level":"INFO","ts":"2025-07-28T00:16:35.504+0600","logger":"common.commonspace.headsync","msg":"sync done:","spaceId":"bafyreieob5ffqwsrg7u4z2epgpst2rin7onhyjn257hxcu3tbifldda47e.1uo5oqcy7r8g4","newIds":0,"changedIds":0,"removedIds":0,"already deleted ids":0,"peerId":"12D3KooWLNJbA9gUwccuhxyWvn2uyrNUt7AHYCaQV5FWTq6Ss7AR"}
{"level":"INFO","ts":"2025-07-28T00:16:35.506+0600","logger":"common.commonspace.headsync","msg":"sync done:","spaceId":"bafyreighnykrv6ipujtts2vjweuazwlsllr4mghxr7imohxwnio4xrvvle.1uo5oqcy7r8g4","newIds":0,"changedIds":0,"removedIds":0,"already deleted ids":0,"peerId":"12D3KooWLNJbA9gUwccuhxyWvn2uyrNUt7AHYCaQV5FWTq6Ss7AR"}
{"level":"INFO","ts":"2025-07-28T00:19:34.680+0600","logger":"common.commonspace.headsync","msg":"sync done:","spaceId":"bafyreicdzq6c3kz6nsonwfhiusmdbotrbqi7gycegdbl6j5ks5twhbfvzi.1uo5oqcy7r8g4","newIds":0,"changedIds":0,"removedIds":0,"already deleted ids":0,"peerId":"12D3KooWLNJbA9gUwccuhxyWvn2uyrNUt7AHYCaQV5FWTq6Ss7AR"}
{"level":"INFO","ts":"2025-07-28T00:19:55.506+0600","logger":"common.commonspace.headsync","msg":"sync done:","spaceId":"bafyreighnykrv6ipujtts2vjweuazwlsllr4mghxr7imohxwnio4xrvvle.1uo5oqcy7r8g4","newIds":0,"changedIds":0,"removedIds":0,"already deleted ids":0,"peerId":"12D3KooWLNJbA9gUwccuhxyWvn2uyrNUt7AHYCaQV5FWTq6Ss7AR"}
{"level":"INFO","ts":"2025-07-28T00:20:15.504+0600","logger":"common.commonspace.headsync","msg":"sync done:","spaceId":"bafyreieob5ffqwsrg7u4z2epgpst2rin7onhyjn257hxcu3tbifldda47e.1uo5oqcy7r8g4","newIds":0,"changedIds":0,"removedIds":0,"already deleted ids":0,"peerId":"12D3KooWLNJbA9gUwccuhxyWvn2uyrNUt7AHYCaQV5FWTq6Ss7AR"}
{"level":"INFO","ts":"2025-07-28T00:23:14.679+0600","logger":"common.commonspace.headsync","msg":"sync done:","spaceId":"bafyreicdzq6c3kz6nsonwfhiusmdbotrbqi7gycegdbl6j5ks5twhbfvzi.1uo5oqcy7r8g4","newIds":0,"changedIds":0,"removedIds":0,"already deleted ids":0,"peerId":"12D3KooWLNJbA9gUwccuhxyWvn2uyrNUt7AHYCaQV5FWTq6Ss7AR"}
{"level":"INFO","ts":"2025-07-28T00:23:35.504+0600","logger":"common.commonspace.headsync","msg":"sync done:","spaceId":"bafyreieob5ffqwsrg7u4z2epgpst2rin7onhyjn257hxcu3tbifldda47e.1uo5oqcy7r8g4","newIds":0,"changedIds":0,"removedIds":0,"already deleted ids":0,"peerId":"12D3KooWLNJbA9gUwccuhxyWvn2uyrNUt7AHYCaQV5FWTq6Ss7AR"}
{"level":"INFO","ts":"2025-07-28T00:23:35.506+0600","logger":"common.commonspace.headsync","msg":"sync done:","spaceId":"bafyreighnykrv6ipujtts2vjweuazwlsllr4mghxr7imohxwnio4xrvvle.1uo5oqcy7r8g4","newIds":0,"changedIds":0,"removedIds":0,"already deleted ids":0,"peerId":"12D3KooWLNJbA9gUwccuhxyWvn2uyrNUt7AHYCaQV5FWTq6Ss7AR"}
{"level":"INFO","ts":"2025-07-28T00:26:34.680+0600","logger":"common.commonspace.headsync","msg":"sync done:","spaceId":"bafyreicdzq6c3kz6nsonwfhiusmdbotrbqi7gycegdbl6j5ks5twhbfvzi.1uo5oqcy7r8g4","newIds":0,"changedIds":0,"removedIds":0,"already deleted ids":0,"peerId":"12D3KooWLNJbA9gUwccuhxyWvn2uyrNUt7AHYCaQV5FWTq6Ss7AR"}
{"level":"INFO","ts":"2025-07-28T00:26:55.506+0600","logger":"common.commonspace.headsync","msg":"sync done:","spaceId":"bafyreighnykrv6ipujtts2vjweuazwlsllr4mghxr7imohxwnio4xrvvle.1uo5oqcy7r8g4","newIds":0,"changedIds":0,"removedIds":0,"already deleted ids":0,"peerId":"12D3KooWLNJbA9gUwccuhxyWvn2uyrNUt7AHYCaQV5FWTq6Ss7AR"}
{"level":"INFO","ts":"2025-07-28T00:27:15.504+0600","logger":"common.commonspace.headsync","msg":"sync done:","spaceId":"bafyreieob5ffqwsrg7u4z2epgpst2rin7onhyjn257hxcu3tbifldda47e.1uo5oqcy7r8g4","newIds":0,"changedIds":0,"removedIds":0,"already deleted ids":0,"peerId":"12D3KooWLNJbA9gUwccuhxyWvn2uyrNUt7AHYCaQV5FWTq6Ss7AR"}
{"level":"INFO","ts":"2025-07-28T00:30:14.683+0600","logger":"common.commonspace.headsync","msg":"sync done:","spaceId":"bafyreicdzq6c3kz6nsonwfhiusmdbotrbqi7gycegdbl6j5ks5twhbfvzi.1uo5oqcy7r8g4","newIds":0,"changedIds":0,"removedIds":0,"already deleted ids":0,"peerId":"12D3KooWLNJbA9gUwccuhxyWvn2uyrNUt7AHYCaQV5FWTq6Ss7AR"}
{"level":"INFO","ts":"2025-07-28T00:30:35.506+0600","logger":"common.commonspace.headsync","msg":"sync done:","spaceId":"bafyreighnykrv6ipujtts2vjweuazwlsllr4mghxr7imohxwnio4xrvvle.1uo5oqcy7r8g4","newIds":0,"changedIds":0,"removedIds":0,"already deleted ids":0,"peerId":"12D3KooWLNJbA9gUwccuhxyWvn2uyrNUt7AHYCaQV5FWTq6Ss7AR"}
{"level":"INFO","ts":"2025-07-28T00:30:55.504+0600","logger":"common.commonspace.headsync","msg":"sync done:","spaceId":"bafyreieob5ffqwsrg7u4z2epgpst2rin7onhyjn257hxcu3tbifldda47e.1uo5oqcy7r8g4","newIds":0,"changedIds":0,"removedIds":0,"already deleted ids":0,"peerId":"12D3KooWLNJbA9gUwccuhxyWvn2uyrNUt7AHYCaQV5FWTq6Ss7AR"}
{"level":"INFO","ts":"2025-07-28T00:33:54.679+0600","logger":"common.commonspace.headsync","msg":"sync done:","spaceId":"bafyreicdzq6c3kz6nsonwfhiusmdbotrbqi7gycegdbl6j5ks5twhbfvzi.1uo5oqcy7r8g4","newIds":0,"changedIds":0,"removedIds":0,"already deleted ids":0,"peerId":"12D3KooWLNJbA9gUwccuhxyWvn2uyrNUt7AHYCaQV5FWTq6Ss7AR"}
{"level":"INFO","ts":"2025-07-28T00:33:55.506+0600","logger":"common.commonspace.headsync","msg":"sync done:","spaceId":"bafyreighnykrv6ipujtts2vjweuazwlsllr4mghxr7imohxwnio4xrvvle.1uo5oqcy7r8g4","newIds":0,"changedIds":0,"removedIds":0,"already deleted ids":0,"peerId":"12D3KooWLNJbA9gUwccuhxyWvn2uyrNUt7AHYCaQV5FWTq6Ss7AR"}
{"level":"INFO","ts":"2025-07-28T00:34:35.503+0600","logger":"common.commonspace.headsync","msg":"sync done:","spaceId":"bafyreieob5ffqwsrg7u4z2epgpst2rin7onhyjn257hxcu3tbifldda47e.1uo5oqcy7r8g4","newIds":0,"changedIds":0,"removedIds":0,"already deleted ids":0,"peerId":"12D3KooWLNJbA9gUwccuhxyWvn2uyrNUt7AHYCaQV5FWTq6Ss7AR"}
{"level":"INFO","ts":"2025-07-28T00:37:14.680+0600","logger":"common.commonspace.headsync","msg":"sync done:","spaceId":"bafyreicdzq6c3kz6nsonwfhiusmdbotrbqi7gycegdbl6j5ks5twhbfvzi.1uo5oqcy7r8g4","newIds":0,"changedIds":0,"removedIds":0,"already deleted ids":0,"peerId":"12D3KooWLNJbA9gUwccuhxyWvn2uyrNUt7AHYCaQV5FWTq6Ss7AR"}
{"level":"INFO","ts":"2025-07-28T00:37:15.506+0600","logger":"common.commonspace.headsync","msg":"sync done:","spaceId":"bafyreighnykrv6ipujtts2vjweuazwlsllr4mghxr7imohxwnio4xrvvle.1uo5oqcy7r8g4","newIds":0,"changedIds":0,"removedIds":0,"already deleted ids":0,"peerId":"12D3KooWLNJbA9gUwccuhxyWvn2uyrNUt7AHYCaQV5FWTq6Ss7AR"}
{"level":"INFO","ts":"2025-07-28T00:37:55.504+0600","logger":"common.commonspace.headsync","msg":"sync done:","spaceId":"bafyreieob5ffqwsrg7u4z2epgpst2rin7onhyjn257hxcu3tbifldda47e.1uo5oqcy7r8g4","newIds":0,"changedIds":0,"removedIds":0,"already deleted ids":0,"peerId":"12D3KooWLNJbA9gUwccuhxyWvn2uyrNUt7AHYCaQV5FWTq6Ss7AR"}
{"level":"INFO","ts":"2025-07-28T00:40:54.680+0600","logger":"common.commonspace.headsync","msg":"sync done:","spaceId":"bafyreicdzq6c3kz6nsonwfhiusmdbotrbqi7gycegdbl6j5ks5twhbfvzi.1uo5oqcy7r8g4","newIds":0,"changedIds":0,"removedIds":0,"already deleted ids":0,"peerId":"12D3KooWLNJbA9gUwccuhxyWvn2uyrNUt7AHYCaQV5FWTq6Ss7AR"}
{"level":"INFO","ts":"2025-07-28T00:40:55.506+0600","logger":"common.commonspace.headsync","msg":"sync done:","spaceId":"bafyreighnykrv6ipujtts2vjweuazwlsllr4mghxr7imohxwnio4xrvvle.1uo5oqcy7r8g4","newIds":0,"changedIds":0,"removedIds":0,"already deleted ids":0,"peerId":"12D3KooWLNJbA9gUwccuhxyWvn2uyrNUt7AHYCaQV5FWTq6Ss7AR"}
{"level":"INFO","ts":"2025-07-28T00:41:15.504+0600","logger":"common.commonspace.headsync","msg":"sync done:","spaceId":"bafyreieob5ffqwsrg7u4z2epgpst2rin7onhyjn257hxcu3tbifldda47e.1uo5oqcy7r8g4","newIds":0,"changedIds":0,"removedIds":0,"already deleted ids":0,"peerId":"12D3KooWLNJbA9gUwccuhxyWvn2uyrNUt7AHYCaQV5FWTq6Ss7AR"}
{"level":"INFO","ts":"2025-07-28T00:44:34.679+0600","logger":"common.commonspace.headsync","msg":"sync done:","spaceId":"bafyreicdzq6c3kz6nsonwfhiusmdbotrbqi7gycegdbl6j5ks5twhbfvzi.1uo5oqcy7r8g4","newIds":0,"changedIds":0,"removedIds":0,"already deleted ids":0,"peerId":"12D3KooWLNJbA9gUwccuhxyWvn2uyrNUt7AHYCaQV5FWTq6Ss7AR"}
{"level":"INFO","ts":"2025-07-28T00:44:35.504+0600","logger":"common.commonspace.headsync","msg":"sync done:","spaceId":"bafyreieob5ffqwsrg7u4z2epgpst2rin7onhyjn257hxcu3tbifldda47e.1uo5oqcy7r8g4","newIds":0,"changedIds":0,"removedIds":0,"already deleted ids":0,"peerId":"12D3KooWLNJbA9gUwccuhxyWvn2uyrNUt7AHYCaQV5FWTq6Ss7AR"}
{"level":"INFO","ts":"2025-07-28T00:44:35.505+0600","logger":"common.commonspace.headsync","msg":"sync done:","spaceId":"bafyreighnykrv6ipujtts2vjweuazwlsllr4mghxr7imohxwnio4xrvvle.1uo5oqcy7r8g4","newIds":0,"changedIds":0,"removedIds":0,"already deleted ids":0,"peerId":"12D3KooWLNJbA9gUwccuhxyWvn2uyrNUt7AHYCaQV5FWTq6Ss7AR"}
{"level":"INFO","ts":"2025-07-28T00:47:54.680+0600","logger":"common.commonspace.headsync","msg":"sync done:","spaceId":"bafyreicdzq6c3kz6nsonwfhiusmdbotrbqi7gycegdbl6j5ks5twhbfvzi.1uo5oqcy7r8g4","newIds":0,"changedIds":0,"removedIds":0,"already deleted ids":0,"peerId":"12D3KooWLNJbA9gUwccuhxyWvn2uyrNUt7AHYCaQV5FWTq6Ss7AR"}
{"level":"INFO","ts":"2025-07-28T00:47:55.504+0600","logger":"common.commonspace.headsync","msg":"sync done:","spaceId":"bafyreieob5ffqwsrg7u4z2epgpst2rin7onhyjn257hxcu3tbifldda47e.1uo5oqcy7r8g4","newIds":0,"changedIds":0,"removedIds":0,"already deleted ids":0,"peerId":"12D3KooWLNJbA9gUwccuhxyWvn2uyrNUt7AHYCaQV5FWTq6Ss7AR"}
{"level":"INFO","ts":"2025-07-28T00:47:55.505+0600","logger":"common.commonspace.headsync","msg":"sync done:","spaceId":"bafyreighnykrv6ipujtts2vjweuazwlsllr4mghxr7imohxwnio4xrvvle.1uo5oqcy7r8g4","newIds":0,"changedIds":0,"removedIds":0,"already deleted ids":0,"peerId":"12D3KooWLNJbA9gUwccuhxyWvn2uyrNUt7AHYCaQV5FWTq6Ss7AR"}
{"level":"INFO","ts":"2025-07-28T00:51:15.506+0600","logger":"common.commonspace.headsync","msg":"sync done:","spaceId":"bafyreighnykrv6ipujtts2vjweuazwlsllr4mghxr7imohxwnio4xrvvle.1uo5oqcy7r8g4","newIds":0,"changedIds":0,"removedIds":0,"already deleted ids":0,"peerId":"12D3KooWLNJbA9gUwccuhxyWvn2uyrNUt7AHYCaQV5FWTq6Ss7AR"}
{"level":"INFO","ts":"2025-07-28T00:51:34.679+0600","logger":"common.commonspace.headsync","msg":"sync done:","spaceId":"bafyreicdzq6c3kz6nsonwfhiusmdbotrbqi7gycegdbl6j5ks5twhbfvzi.1uo5oqcy7r8g4","newIds":0,"changedIds":0,"removedIds":0,"already deleted ids":0,"peerId":"12D3KooWLNJbA9gUwccuhxyWvn2uyrNUt7AHYCaQV5FWTq6Ss7AR"}
{"level":"INFO","ts":"2025-07-28T00:51:35.504+0600","logger":"common.commonspace.headsync","msg":"sync done:","spaceId":"bafyreieob5ffqwsrg7u4z2epgpst2rin7onhyjn257hxcu3tbifldda47e.1uo5oqcy7r8g4","newIds":0,"changedIds":0,"removedIds":0,"already deleted ids":0,"peerId":"12D3KooWLNJbA9gUwccuhxyWvn2uyrNUt7AHYCaQV5FWTq6Ss7AR"}
{"level":"WARN","ts":"2025-07-28T00:54:40.609+0600","logger":"common.net.peer","msg":"accept error: close connection","error":"timeout: no recent network activity"}
{"level":"WARN","ts":"2025-07-28T00:54:40.779+0600","logger":"common.net.peer","msg":"accept error: close connection","error":"timeout: no recent network activity"}
{"level":"WARN","ts":"2025-07-28T00:54:40.779+0600","logger":"filesync","msg":"updater: can't update node usage","error":"get node usage info: manager closed: timeout: no recent network activity"}
{"level":"INFO","ts":"2025-07-28T00:54:54.749+0600","logger":"common.commonspace.headsync","msg":"sync done:","spaceId":"bafyreicdzq6c3kz6nsonwfhiusmdbotrbqi7gycegdbl6j5ks5twhbfvzi.1uo5oqcy7r8g4","newIds":0,"changedIds":0,"removedIds":0,"already deleted ids":0,"peerId":"12D3KooWLNJbA9gUwccuhxyWvn2uyrNUt7AHYCaQV5FWTq6Ss7AR"}
{"level":"INFO","ts":"2025-07-28T00:54:55.568+0600","logger":"common.commonspace.headsync","msg":"sync done:","spaceId":"bafyreieob5ffqwsrg7u4z2epgpst2rin7onhyjn257hxcu3tbifldda47e.1uo5oqcy7r8g4","newIds":0,"changedIds":0,"removedIds":0,"already deleted ids":0,"peerId":"12D3KooWG7R2VEmeUoyh8vtHUNp6cmKdih7K31a6vDT8BHezgQ1b"}
{"level":"INFO","ts":"2025-07-28T00:54:55.569+0600","logger":"common.commonspace.headsync","msg":"sync done:","spaceId":"bafyreighnykrv6ipujtts2vjweuazwlsllr4mghxr7imohxwnio4xrvvle.1uo5oqcy7r8g4","newIds":0,"changedIds":0,"removedIds":0,"already deleted ids":0,"peerId":"12D3KooWG7R2VEmeUoyh8vtHUNp6cmKdih7K31a6vDT8BHezgQ1b"}
{"level":"INFO","ts":"2025-07-28T00:55:15.487+0600","logger":"common.commonspace.headsync","msg":"sync done:","spaceId":"bafyreieob5ffqwsrg7u4z2epgpst2rin7onhyjn257hxcu3tbifldda47e.1uo5oqcy7r8g4","newIds":0,"changedIds":0,"removedIds":0,"already deleted ids":0,"peerId":"12D3KooWLNJbA9gUwccuhxyWvn2uyrNUt7AHYCaQV5FWTq6Ss7AR"}
{"level":"INFO","ts":"2025-07-28T00:55:15.575+0600","logger":"common.commonspace.headsync","msg":"sync done:","spaceId":"bafyreighnykrv6ipujtts2vjweuazwlsllr4mghxr7imohxwnio4xrvvle.1uo5oqcy7r8g4","newIds":0,"changedIds":0,"removedIds":0,"already deleted ids":0,"peerId":"12D3KooWLNJbA9gUwccuhxyWvn2uyrNUt7AHYCaQV5FWTq6Ss7AR"}
{"level":"WARN","ts":"2025-07-28T00:55:55.475+0600","logger":"filesync","msg":"updater: can't update node usage","error":"get node usage info: dial tcp 34.65.134.193:1443: i/o timeout"}
{"level":"WARN","ts":"2025-07-28T00:57:24.724+0600","logger":"anytype-mw-configfetcher","msg":"periodic call error","error":"unable to connect"}
{"level":"INFO","ts":"2025-07-28T00:58:34.662+0600","logger":"common.commonspace.headsync","msg":"sync done:","spaceId":"bafyreicdzq6c3kz6nsonwfhiusmdbotrbqi7gycegdbl6j5ks5twhbfvzi.1uo5oqcy7r8g4","newIds":0,"changedIds":0,"removedIds":0,"already deleted ids":0,"peerId":"12D3KooWLNJbA9gUwccuhxyWvn2uyrNUt7AHYCaQV5FWTq6Ss7AR"}
{"level":"INFO","ts":"2025-07-28T00:58:35.488+0600","logger":"common.commonspace.headsync","msg":"sync done:","spaceId":"bafyreieob5ffqwsrg7u4z2epgpst2rin7onhyjn257hxcu3tbifldda47e.1uo5oqcy7r8g4","newIds":0,"changedIds":0,"removedIds":0,"already deleted ids":0,"peerId":"12D3KooWLNJbA9gUwccuhxyWvn2uyrNUt7AHYCaQV5FWTq6Ss7AR"}
{"level":"INFO","ts":"2025-07-28T00:58:55.489+0600","logger":"common.commonspace.headsync","msg":"sync done:","spaceId":"bafyreighnykrv6ipujtts2vjweuazwlsllr4mghxr7imohxwnio4xrvvle.1uo5oqcy7r8g4","newIds":0,"changedIds":0,"removedIds":0,"already deleted ids":0,"peerId":"12D3KooWLNJbA9gUwccuhxyWvn2uyrNUt7AHYCaQV5FWTq6Ss7AR"}
{"level":"INFO","ts":"2025-07-28T01:01:54.663+0600","logger":"common.commonspace.headsync","msg":"sync done:","spaceId":"bafyreicdzq6c3kz6nsonwfhiusmdbotrbqi7gycegdbl6j5ks5twhbfvzi.1uo5oqcy7r8g4","newIds":0,"changedIds":0,"removedIds":0,"already deleted ids":0,"peerId":"12D3KooWLNJbA9gUwccuhxyWvn2uyrNUt7AHYCaQV5FWTq6Ss7AR"}
{"level":"INFO","ts":"2025-07-28T01:02:15.488+0600","logger":"common.commonspace.headsync","msg":"sync done:","spaceId":"bafyreieob5ffqwsrg7u4z2epgpst2rin7onhyjn257hxcu3tbifldda47e.1uo5oqcy7r8g4","newIds":0,"changedIds":0,"removedIds":0,"already deleted ids":0,"peerId":"12D3KooWLNJbA9gUwccuhxyWvn2uyrNUt7AHYCaQV5FWTq6Ss7AR"}
{"level":"INFO","ts":"2025-07-28T01:02:15.490+0600","logger":"common.commonspace.headsync","msg":"sync done:","spaceId":"bafyreighnykrv6ipujtts2vjweuazwlsllr4mghxr7imohxwnio4xrvvle.1uo5oqcy7r8g4","newIds":0,"changedIds":0,"removedIds":0,"already deleted ids":0,"peerId":"12D3KooWLNJbA9gUwccuhxyWvn2uyrNUt7AHYCaQV5FWTq6Ss7AR"}
{"level":"INFO","ts":"2025-07-28T01:05:34.662+0600","logger":"common.commonspace.headsync","msg":"sync done:","spaceId":"bafyreicdzq6c3kz6nsonwfhiusmdbotrbqi7gycegdbl6j5ks5twhbfvzi.1uo5oqcy7r8g4","newIds":0,"changedIds":0,"removedIds":0,"already deleted ids":0,"peerId":"12D3KooWLNJbA9gUwccuhxyWvn2uyrNUt7AHYCaQV5FWTq6Ss7AR"}
{"level":"INFO","ts":"2025-07-28T01:05:35.488+0600","logger":"common.commonspace.headsync","msg":"sync done:","spaceId":"bafyreieob5ffqwsrg7u4z2epgpst2rin7onhyjn257hxcu3tbifldda47e.1uo5oqcy7r8g4","newIds":0,"changedIds":0,"removedIds":0,"already deleted ids":0,"peerId":"12D3KooWLNJbA9gUwccuhxyWvn2uyrNUt7AHYCaQV5FWTq6Ss7AR"}
{"level":"INFO","ts":"2025-07-28T01:05:55.489+0600","logger":"common.commonspace.headsync","msg":"sync done:","spaceId":"bafyreighnykrv6ipujtts2vjweuazwlsllr4mghxr7imohxwnio4xrvvle.1uo5oqcy7r8g4","newIds":0,"changedIds":0,"removedIds":0,"already deleted ids":0,"peerId":"12D3KooWLNJbA9gUwccuhxyWvn2uyrNUt7AHYCaQV5FWTq6Ss7AR"}
{"level":"INFO","ts":"2025-07-28T01:08:54.663+0600","logger":"common.commonspace.headsync","msg":"sync done:","spaceId":"bafyreicdzq6c3kz6nsonwfhiusmdbotrbqi7gycegdbl6j5ks5twhbfvzi.1uo5oqcy7r8g4","newIds":0,"changedIds":0,"removedIds":0,"already deleted ids":0,"peerId":"12D3KooWLNJbA9gUwccuhxyWvn2uyrNUt7AHYCaQV5FWTq6Ss7AR"}
{"level":"INFO","ts":"2025-07-28T01:08:55.488+0600","logger":"common.commonspace.headsync","msg":"sync done:","spaceId":"bafyreieob5ffqwsrg7u4z2epgpst2rin7onhyjn257hxcu3tbifldda47e.1uo5oqcy7r8g4","newIds":0,"changedIds":0,"removedIds":0,"already deleted ids":0,"peerId":"12D3KooWLNJbA9gUwccuhxyWvn2uyrNUt7AHYCaQV5FWTq6Ss7AR"}
{"level":"INFO","ts":"2025-07-28T01:09:35.489+0600","logger":"common.commonspace.headsync","msg":"sync done:","spaceId":"bafyreighnykrv6ipujtts2vjweuazwlsllr4mghxr7imohxwnio4xrvvle.1uo5oqcy7r8g4","newIds":0,"changedIds":0,"removedIds":0,"already deleted ids":0,"peerId":"12D3KooWLNJbA9gUwccuhxyWvn2uyrNUt7AHYCaQV5FWTq6Ss7AR"}
{"level":"INFO","ts":"2025-07-28T01:12:15.488+0600","logger":"common.commonspace.headsync","msg":"sync done:","spaceId":"bafyreieob5ffqwsrg7u4z2epgpst2rin7onhyjn257hxcu3tbifldda47e.1uo5oqcy7r8g4","newIds":0,"changedIds":0,"removedIds":0,"already deleted ids":0,"peerId":"12D3KooWLNJbA9gUwccuhxyWvn2uyrNUt7AHYCaQV5FWTq6Ss7AR"}
{"level":"INFO","ts":"2025-07-28T01:12:34.663+0600","logger":"common.commonspace.headsync","msg":"sync done:","spaceId":"bafyreicdzq6c3kz6nsonwfhiusmdbotrbqi7gycegdbl6j5ks5twhbfvzi.1uo5oqcy7r8g4","newIds":0,"changedIds":0,"removedIds":0,"already deleted ids":0,"peerId":"12D3KooWLNJbA9gUwccuhxyWvn2uyrNUt7AHYCaQV5FWTq6Ss7AR"}
{"level":"INFO","ts":"2025-07-28T01:13:15.489+0600","logger":"common.commonspace.headsync","msg":"sync done:","spaceId":"bafyreighnykrv6ipujtts2vjweuazwlsllr4mghxr7imohxwnio4xrvvle.1uo5oqcy7r8g4","newIds":0,"changedIds":0,"removedIds":0,"already deleted ids":0,"peerId":"12D3KooWLNJbA9gUwccuhxyWvn2uyrNUt7AHYCaQV5FWTq6Ss7AR"}
{"level":"INFO","ts":"2025-07-28T01:15:55.487+0600","logger":"common.commonspace.headsync","msg":"sync done:","spaceId":"bafyreieob5ffqwsrg7u4z2epgpst2rin7onhyjn257hxcu3tbifldda47e.1uo5oqcy7r8g4","newIds":0,"changedIds":0,"removedIds":0,"already deleted ids":0,"peerId":"12D3KooWLNJbA9gUwccuhxyWvn2uyrNUt7AHYCaQV5FWTq6Ss7AR"}
{"level":"INFO","ts":"2025-07-28T01:16:14.663+0600","logger":"common.commonspace.headsync","msg":"sync done:","spaceId":"bafyreicdzq6c3kz6nsonwfhiusmdbotrbqi7gycegdbl6j5ks5twhbfvzi.1uo5oqcy7r8g4","newIds":0,"changedIds":0,"removedIds":0,"already deleted ids":0,"peerId":"12D3KooWLNJbA9gUwccuhxyWvn2uyrNUt7AHYCaQV5FWTq6Ss7AR"}
{"level":"INFO","ts":"2025-07-28T01:16:35.489+0600","logger":"common.commonspace.headsync","msg":"sync done:","spaceId":"bafyreighnykrv6ipujtts2vjweuazwlsllr4mghxr7imohxwnio4xrvvle.1uo5oqcy7r8g4","newIds":0,"changedIds":0,"removedIds":0,"already deleted ids":0,"peerId":"12D3KooWLNJbA9gUwccuhxyWvn2uyrNUt7AHYCaQV5FWTq6Ss7AR"}
{"level":"INFO","ts":"2025-07-28T01:19:15.510+0600","logger":"common.commonspace.headsync","msg":"sync done:","spaceId":"bafyreieob5ffqwsrg7u4z2epgpst2rin7onhyjn257hxcu3tbifldda47e.1uo5oqcy7r8g4","newIds":0,"changedIds":0,"removedIds":0,"already deleted ids":0,"peerId":"12D3KooWLNJbA9gUwccuhxyWvn2uyrNUt7AHYCaQV5FWTq6Ss7AR"}
{"level":"INFO","ts":"2025-07-28T01:19:34.685+0600","logger":"common.commonspace.headsync","msg":"sync done:","spaceId":"bafyreicdzq6c3kz6nsonwfhiusmdbotrbqi7gycegdbl6j5ks5twhbfvzi.1uo5oqcy7r8g4","newIds":0,"changedIds":0,"removedIds":0,"already deleted ids":0,"peerId":"12D3KooWLNJbA9gUwccuhxyWvn2uyrNUt7AHYCaQV5FWTq6Ss7AR"}
{"level":"INFO","ts":"2025-07-28T01:19:55.512+0600","logger":"common.commonspace.headsync","msg":"sync done:","spaceId":"bafyreighnykrv6ipujtts2vjweuazwlsllr4mghxr7imohxwnio4xrvvle.1uo5oqcy7r8g4","newIds":0,"changedIds":0,"removedIds":0,"already deleted ids":0,"peerId":"12D3KooWLNJbA9gUwccuhxyWvn2uyrNUt7AHYCaQV5FWTq6Ss7AR"}
{"level":"INFO","ts":"2025-07-28T01:22:35.510+0600","logger":"common.commonspace.headsync","msg":"sync done:","spaceId":"bafyreieob5ffqwsrg7u4z2epgpst2rin7onhyjn257hxcu3tbifldda47e.1uo5oqcy7r8g4","newIds":0,"changedIds":0,"removedIds":0,"already deleted ids":0,"peerId":"12D3KooWLNJbA9gUwccuhxyWvn2uyrNUt7AHYCaQV5FWTq6Ss7AR"}
{"level":"INFO","ts":"2025-07-28T01:23:14.686+0600","logger":"common.commonspace.headsync","msg":"sync done:","spaceId":"bafyreicdzq6c3kz6nsonwfhiusmdbotrbqi7gycegdbl6j5ks5twhbfvzi.1uo5oqcy7r8g4","newIds":0,"changedIds":0,"removedIds":0,"already deleted ids":0,"peerId":"12D3KooWLNJbA9gUwccuhxyWvn2uyrNUt7AHYCaQV5FWTq6Ss7AR"}
{"level":"INFO","ts":"2025-07-28T01:23:35.512+0600","logger":"common.commonspace.headsync","msg":"sync done:","spaceId":"bafyreighnykrv6ipujtts2vjweuazwlsllr4mghxr7imohxwnio4xrvvle.1uo5oqcy7r8g4","newIds":0,"changedIds":0,"removedIds":0,"already deleted ids":0,"peerId":"12D3KooWLNJbA9gUwccuhxyWvn2uyrNUt7AHYCaQV5FWTq6Ss7AR"}
{"level":"INFO","ts":"2025-07-28T01:26:15.510+0600","logger":"common.commonspace.headsync","msg":"sync done:","spaceId":"bafyreieob5ffqwsrg7u4z2epgpst2rin7onhyjn257hxcu3tbifldda47e.1uo5oqcy7r8g4","newIds":0,"changedIds":0,"removedIds":0,"already deleted ids":0,"peerId":"12D3KooWLNJbA9gUwccuhxyWvn2uyrNUt7AHYCaQV5FWTq6Ss7AR"}
{"level":"INFO","ts":"2025-07-28T01:26:34.686+0600","logger":"common.commonspace.headsync","msg":"sync done:","spaceId":"bafyreicdzq6c3kz6nsonwfhiusmdbotrbqi7gycegdbl6j5ks5twhbfvzi.1uo5oqcy7r8g4","newIds":0,"changedIds":0,"removedIds":0,"already deleted ids":0,"peerId":"12D3KooWLNJbA9gUwccuhxyWvn2uyrNUt7AHYCaQV5FWTq6Ss7AR"}
{"level":"INFO","ts":"2025-07-28T01:27:15.512+0600","logger":"common.commonspace.headsync","msg":"sync done:","spaceId":"bafyreighnykrv6ipujtts2vjweuazwlsllr4mghxr7imohxwnio4xrvvle.1uo5oqcy7r8g4","newIds":0,"changedIds":0,"removedIds":0,"already deleted ids":0,"peerId":"12D3KooWLNJbA9gUwccuhxyWvn2uyrNUt7AHYCaQV5FWTq6Ss7AR"}
{"level":"INFO","ts":"2025-07-28T01:29:35.510+0600","logger":"common.commonspace.headsync","msg":"sync done:","spaceId":"bafyreieob5ffqwsrg7u4z2epgpst2rin7onhyjn257hxcu3tbifldda47e.1uo5oqcy7r8g4","newIds":0,"changedIds":0,"removedIds":0,"already deleted ids":0,"peerId":"12D3KooWLNJbA9gUwccuhxyWvn2uyrNUt7AHYCaQV5FWTq6Ss7AR"}
{"level":"INFO","ts":"2025-07-28T01:30:14.685+0600","logger":"common.commonspace.headsync","msg":"sync done:","spaceId":"bafyreicdzq6c3kz6nsonwfhiusmdbotrbqi7gycegdbl6j5ks5twhbfvzi.1uo5oqcy7r8g4","newIds":0,"changedIds":0,"removedIds":0,"already deleted ids":0,"peerId":"12D3KooWLNJbA9gUwccuhxyWvn2uyrNUt7AHYCaQV5FWTq6Ss7AR"}
{"level":"INFO","ts":"2025-07-28T01:30:55.512+0600","logger":"common.commonspace.headsync","msg":"sync done:","spaceId":"bafyreighnykrv6ipujtts2vjweuazwlsllr4mghxr7imohxwnio4xrvvle.1uo5oqcy7r8g4","newIds":0,"changedIds":0,"removedIds":0,"already deleted ids":0,"peerId":"12D3KooWLNJbA9gUwccuhxyWvn2uyrNUt7AHYCaQV5FWTq6Ss7AR"}
{"level":"INFO","ts":"2025-07-28T01:33:15.509+0600","logger":"common.commonspace.headsync","msg":"sync done:","spaceId":"bafyreieob5ffqwsrg7u4z2epgpst2rin7onhyjn257hxcu3tbifldda47e.1uo5oqcy7r8g4","newIds":0,"changedIds":0,"removedIds":0,"already deleted ids":0,"peerId":"12D3KooWLNJbA9gUwccuhxyWvn2uyrNUt7AHYCaQV5FWTq6Ss7AR"}
{"level":"INFO","ts":"2025-07-28T01:33:34.686+0600","logger":"common.commonspace.headsync","msg":"sync done:","spaceId":"bafyreicdzq6c3kz6nsonwfhiusmdbotrbqi7gycegdbl6j5ks5twhbfvzi.1uo5oqcy7r8g4","newIds":0,"changedIds":0,"removedIds":0,"already deleted ids":0,"peerId":"12D3KooWLNJbA9gUwccuhxyWvn2uyrNUt7AHYCaQV5FWTq6Ss7AR"}
{"level":"INFO","ts":"2025-07-28T01:34:15.768+0600","logger":"common.commonspace.headsync","msg":"sync done:","spaceId":"bafyreighnykrv6ipujtts2vjweuazwlsllr4mghxr7imohxwnio4xrvvle.1uo5oqcy7r8g4","newIds":0,"changedIds":0,"removedIds":0,"already deleted ids":0,"peerId":"12D3KooWLNJbA9gUwccuhxyWvn2uyrNUt7AHYCaQV5FWTq6Ss7AR"}
{"level":"INFO","ts":"2025-07-28T01:36:35.827+0600","logger":"common.commonspace.headsync","msg":"sync done:","spaceId":"bafyreieob5ffqwsrg7u4z2epgpst2rin7onhyjn257hxcu3tbifldda47e.1uo5oqcy7r8g4","newIds":0,"changedIds":0,"removedIds":0,"already deleted ids":0,"peerId":"12D3KooWLNJbA9gUwccuhxyWvn2uyrNUt7AHYCaQV5FWTq6Ss7AR"}
{"level":"INFO","ts":"2025-07-28T01:36:54.828+0600","logger":"common.commonspace.headsync","msg":"sync done:","spaceId":"bafyreicdzq6c3kz6nsonwfhiusmdbotrbqi7gycegdbl6j5ks5twhbfvzi.1uo5oqcy7r8g4","newIds":0,"changedIds":0,"removedIds":0,"already deleted ids":0,"peerId":"12D3KooWLNJbA9gUwccuhxyWvn2uyrNUt7AHYCaQV5FWTq6Ss7AR"}
{"level":"INFO","ts":"2025-07-28T01:37:55.512+0600","logger":"common.commonspace.headsync","msg":"sync done:","spaceId":"bafyreighnykrv6ipujtts2vjweuazwlsllr4mghxr7imohxwnio4xrvvle.1uo5oqcy7r8g4","newIds":0,"changedIds":0,"removedIds":0,"already deleted ids":0,"peerId":"12D3KooWLNJbA9gUwccuhxyWvn2uyrNUt7AHYCaQV5FWTq6Ss7AR"}
{"level":"INFO","ts":"2025-07-28T01:40:15.031+0600","logger":"common.commonspace.headsync","msg":"sync done:","spaceId":"bafyreicdzq6c3kz6nsonwfhiusmdbotrbqi7gycegdbl6j5ks5twhbfvzi.1uo5oqcy7r8g4","newIds":0,"changedIds":0,"removedIds":0,"already deleted ids":0,"peerId":"12D3KooWLNJbA9gUwccuhxyWvn2uyrNUt7AHYCaQV5FWTq6Ss7AR"}
{"level":"INFO","ts":"2025-07-28T01:40:15.826+0600","logger":"common.commonspace.headsync","msg":"sync done:","spaceId":"bafyreieob5ffqwsrg7u4z2epgpst2rin7onhyjn257hxcu3tbifldda47e.1uo5oqcy7r8g4","newIds":0,"changedIds":0,"removedIds":0,"already deleted ids":0,"peerId":"12D3KooWLNJbA9gUwccuhxyWvn2uyrNUt7AHYCaQV5FWTq6Ss7AR"}
{"level":"INFO","ts":"2025-07-28T01:41:35.511+0600","logger":"common.commonspace.headsync","msg":"sync done:","spaceId":"bafyreighnykrv6ipujtts2vjweuazwlsllr4mghxr7imohxwnio4xrvvle.1uo5oqcy7r8g4","newIds":0,"changedIds":0,"removedIds":0,"already deleted ids":0,"peerId":"12D3KooWLNJbA9gUwccuhxyWvn2uyrNUt7AHYCaQV5FWTq6Ss7AR"}
{"level":"INFO","ts":"2025-07-28T01:43:54.685+0600","logger":"common.commonspace.headsync","msg":"sync done:","spaceId":"bafyreicdzq6c3kz6nsonwfhiusmdbotrbqi7gycegdbl6j5ks5twhbfvzi.1uo5oqcy7r8g4","newIds":0,"changedIds":0,"removedIds":0,"already deleted ids":0,"peerId":"12D3KooWLNJbA9gUwccuhxyWvn2uyrNUt7AHYCaQV5FWTq6Ss7AR"}
{"level":"INFO","ts":"2025-07-28T01:43:55.509+0600","logger":"common.commonspace.headsync","msg":"sync done:","spaceId":"bafyreieob5ffqwsrg7u4z2epgpst2rin7onhyjn257hxcu3tbifldda47e.1uo5oqcy7r8g4","newIds":0,"changedIds":0,"removedIds":0,"already deleted ids":0,"peerId":"12D3KooWLNJbA9gUwccuhxyWvn2uyrNUt7AHYCaQV5FWTq6Ss7AR"}
{"level":"INFO","ts":"2025-07-28T01:44:55.512+0600","logger":"common.commonspace.headsync","msg":"sync done:","spaceId":"bafyreighnykrv6ipujtts2vjweuazwlsllr4mghxr7imohxwnio4xrvvle.1uo5oqcy7r8g4","newIds":0,"changedIds":0,"removedIds":0,"already deleted ids":0,"peerId":"12D3KooWLNJbA9gUwccuhxyWvn2uyrNUt7AHYCaQV5FWTq6Ss7AR"}
{"level":"INFO","ts":"2025-07-28T01:47:15.510+0600","logger":"common.commonspace.headsync","msg":"sync done:","spaceId":"bafyreieob5ffqwsrg7u4z2epgpst2rin7onhyjn257hxcu3tbifldda47e.1uo5oqcy7r8g4","newIds":0,"changedIds":0,"removedIds":0,"already deleted ids":0,"peerId":"12D3KooWLNJbA9gUwccuhxyWvn2uyrNUt7AHYCaQV5FWTq6Ss7AR"}
{"level":"INFO","ts":"2025-07-28T01:47:34.696+0600","logger":"common.commonspace.headsync","msg":"sync done:","spaceId":"bafyreicdzq6c3kz6nsonwfhiusmdbotrbqi7gycegdbl6j5ks5twhbfvzi.1uo5oqcy7r8g4","newIds":0,"changedIds":0,"removedIds":0,"already deleted ids":0,"peerId":"12D3KooWLNJbA9gUwccuhxyWvn2uyrNUt7AHYCaQV5FWTq6Ss7AR"}
{"level":"INFO","ts":"2025-07-28T01:48:35.709+0600","logger":"common.commonspace.headsync","msg":"sync done:","spaceId":"bafyreighnykrv6ipujtts2vjweuazwlsllr4mghxr7imohxwnio4xrvvle.1uo5oqcy7r8g4","newIds":0,"changedIds":0,"removedIds":0,"already deleted ids":0,"peerId":"12D3KooWLNJbA9gUwccuhxyWvn2uyrNUt7AHYCaQV5FWTq6Ss7AR"}
{"level":"INFO","ts":"2025-07-28T01:50:35.536+0600","logger":"common.commonspace.headsync","msg":"sync done:","spaceId":"bafyreieob5ffqwsrg7u4z2epgpst2rin7onhyjn257hxcu3tbifldda47e.1uo5oqcy7r8g4","newIds":0,"changedIds":0,"removedIds":0,"already deleted ids":0,"peerId":"12D3KooWLNJbA9gUwccuhxyWvn2uyrNUt7AHYCaQV5FWTq6Ss7AR"}
{"level":"INFO","ts":"2025-07-28T01:50:54.712+0600","logger":"common.commonspace.headsync","msg":"sync done:","spaceId":"bafyreicdzq6c3kz6nsonwfhiusmdbotrbqi7gycegdbl6j5ks5twhbfvzi.1uo5oqcy7r8g4","newIds":0,"changedIds":0,"removedIds":0,"already deleted ids":0,"peerId":"12D3KooWLNJbA9gUwccuhxyWvn2uyrNUt7AHYCaQV5FWTq6Ss7AR"}
{"level":"INFO","ts":"2025-07-28T01:52:15.545+0600","logger":"common.commonspace.headsync","msg":"sync done:","spaceId":"bafyreighnykrv6ipujtts2vjweuazwlsllr4mghxr7imohxwnio4xrvvle.1uo5oqcy7r8g4","newIds":0,"changedIds":0,"removedIds":0,"already deleted ids":0,"peerId":"12D3KooWLNJbA9gUwccuhxyWvn2uyrNUt7AHYCaQV5FWTq6Ss7AR"}
{"level":"INFO","ts":"2025-07-28T01:54:15.510+0600","logger":"common.commonspace.headsync","msg":"sync done:","spaceId":"bafyreieob5ffqwsrg7u4z2epgpst2rin7onhyjn257hxcu3tbifldda47e.1uo5oqcy7r8g4","newIds":0,"changedIds":0,"removedIds":0,"already deleted ids":0,"peerId":"12D3KooWLNJbA9gUwccuhxyWvn2uyrNUt7AHYCaQV5FWTq6Ss7AR"}
{"level":"INFO","ts":"2025-07-28T01:54:34.714+0600","logger":"common.commonspace.headsync","msg":"sync done:","spaceId":"bafyreicdzq6c3kz6nsonwfhiusmdbotrbqi7gycegdbl6j5ks5twhbfvzi.1uo5oqcy7r8g4","newIds":0,"changedIds":0,"removedIds":0,"already deleted ids":0,"peerId":"12D3KooWLNJbA9gUwccuhxyWvn2uyrNUt7AHYCaQV5FWTq6Ss7AR"}
{"level":"INFO","ts":"2025-07-28T01:55:55.512+0600","logger":"common.commonspace.headsync","msg":"sync done:","spaceId":"bafyreighnykrv6ipujtts2vjweuazwlsllr4mghxr7imohxwnio4xrvvle.1uo5oqcy7r8g4","newIds":0,"changedIds":0,"removedIds":0,"already deleted ids":0,"peerId":"12D3KooWLNJbA9gUwccuhxyWvn2uyrNUt7AHYCaQV5FWTq6Ss7AR"}
{"level":"INFO","ts":"2025-07-28T01:57:35.545+0600","logger":"common.commonspace.headsync","msg":"sync done:","spaceId":"bafyreieob5ffqwsrg7u4z2epgpst2rin7onhyjn257hxcu3tbifldda47e.1uo5oqcy7r8g4","newIds":0,"changedIds":0,"removedIds":0,"already deleted ids":0,"peerId":"12D3KooWLNJbA9gUwccuhxyWvn2uyrNUt7AHYCaQV5FWTq6Ss7AR"}
{"level":"INFO","ts":"2025-07-28T01:58:14.734+0600","logger":"common.commonspace.headsync","msg":"sync done:","spaceId":"bafyreicdzq6c3kz6nsonwfhiusmdbotrbqi7gycegdbl6j5ks5twhbfvzi.1uo5oqcy7r8g4","newIds":0,"changedIds":0,"removedIds":0,"already deleted ids":0,"peerId":"12D3KooWLNJbA9gUwccuhxyWvn2uyrNUt7AHYCaQV5FWTq6Ss7AR"}
{"level":"INFO","ts":"2025-07-28T01:59:15.557+0600","logger":"common.commonspace.headsync","msg":"sync done:","spaceId":"bafyreighnykrv6ipujtts2vjweuazwlsllr4mghxr7imohxwnio4xrvvle.1uo5oqcy7r8g4","newIds":0,"changedIds":0,"removedIds":0,"already deleted ids":0,"peerId":"12D3KooWLNJbA9gUwccuhxyWvn2uyrNUt7AHYCaQV5FWTq6Ss7AR"}
{"level":"INFO","ts":"2025-07-28T02:01:15.525+0600","logger":"common.commonspace.headsync","msg":"sync done:","spaceId":"bafyreieob5ffqwsrg7u4z2epgpst2rin7onhyjn257hxcu3tbifldda47e.1uo5oqcy7r8g4","newIds":0,"changedIds":0,"removedIds":0,"already deleted ids":0,"peerId":"12D3KooWLNJbA9gUwccuhxyWvn2uyrNUt7AHYCaQV5FWTq6Ss7AR"}
{"level":"INFO","ts":"2025-07-28T02:01:34.901+0600","logger":"common.commonspace.headsync","msg":"sync done:","spaceId":"bafyreicdzq6c3kz6nsonwfhiusmdbotrbqi7gycegdbl6j5ks5twhbfvzi.1uo5oqcy7r8g4","newIds":0,"changedIds":0,"removedIds":0,"already deleted ids":0,"peerId":"12D3KooWLNJbA9gUwccuhxyWvn2uyrNUt7AHYCaQV5FWTq6Ss7AR"}
{"level":"INFO","ts":"2025-07-28T02:02:55.526+0600","logger":"common.commonspace.headsync","msg":"sync done:","spaceId":"bafyreighnykrv6ipujtts2vjweuazwlsllr4mghxr7imohxwnio4xrvvle.1uo5oqcy7r8g4","newIds":0,"changedIds":0,"removedIds":0,"already deleted ids":0,"peerId":"12D3KooWLNJbA9gUwccuhxyWvn2uyrNUt7AHYCaQV5FWTq6Ss7AR"}
{"level":"INFO","ts":"2025-07-28T02:04:35.540+0600","logger":"common.commonspace.headsync","msg":"sync done:","spaceId":"bafyreieob5ffqwsrg7u4z2epgpst2rin7onhyjn257hxcu3tbifldda47e.1uo5oqcy7r8g4","newIds":0,"changedIds":0,"removedIds":0,"already deleted ids":0,"peerId":"12D3KooWLNJbA9gUwccuhxyWvn2uyrNUt7AHYCaQV5FWTq6Ss7AR"}
{"level":"INFO","ts":"2025-07-28T02:05:14.708+0600","logger":"common.commonspace.headsync","msg":"sync done:","spaceId":"bafyreicdzq6c3kz6nsonwfhiusmdbotrbqi7gycegdbl6j5ks5twhbfvzi.1uo5oqcy7r8g4","newIds":0,"changedIds":0,"removedIds":0,"already deleted ids":0,"peerId":"12D3KooWLNJbA9gUwccuhxyWvn2uyrNUt7AHYCaQV5FWTq6Ss7AR"}
{"level":"INFO","ts":"2025-07-28T02:06:15.540+0600","logger":"common.commonspace.headsync","msg":"sync done:","spaceId":"bafyreighnykrv6ipujtts2vjweuazwlsllr4mghxr7imohxwnio4xrvvle.1uo5oqcy7r8g4","newIds":0,"changedIds":0,"removedIds":0,"already deleted ids":0,"peerId":"12D3KooWLNJbA9gUwccuhxyWvn2uyrNUt7AHYCaQV5FWTq6Ss7AR"}
{"level":"INFO","ts":"2025-07-28T02:08:15.524+0600","logger":"common.commonspace.headsync","msg":"sync done:","spaceId":"bafyreieob5ffqwsrg7u4z2epgpst2rin7onhyjn257hxcu3tbifldda47e.1uo5oqcy7r8g4","newIds":0,"changedIds":0,"removedIds":0,"already deleted ids":0,"peerId":"12D3KooWLNJbA9gUwccuhxyWvn2uyrNUt7AHYCaQV5FWTq6Ss7AR"}
{"level":"INFO","ts":"2025-07-28T02:08:54.707+0600","logger":"common.commonspace.headsync","msg":"sync done:","spaceId":"bafyreicdzq6c3kz6nsonwfhiusmdbotrbqi7gycegdbl6j5ks5twhbfvzi.1uo5oqcy7r8g4","newIds":0,"changedIds":0,"removedIds":0,"already deleted ids":0,"peerId":"12D3KooWLNJbA9gUwccuhxyWvn2uyrNUt7AHYCaQV5FWTq6Ss7AR"}
{"level":"INFO","ts":"2025-07-28T02:09:55.718+0600","logger":"common.commonspace.headsync","msg":"sync done:","spaceId":"bafyreighnykrv6ipujtts2vjweuazwlsllr4mghxr7imohxwnio4xrvvle.1uo5oqcy7r8g4","newIds":0,"changedIds":0,"removedIds":0,"already deleted ids":0,"peerId":"12D3KooWLNJbA9gUwccuhxyWvn2uyrNUt7AHYCaQV5FWTq6Ss7AR"}
{"level":"INFO","ts":"2025-07-28T02:11:35.534+0600","logger":"common.commonspace.headsync","msg":"sync done:","spaceId":"bafyreieob5ffqwsrg7u4z2epgpst2rin7onhyjn257hxcu3tbifldda47e.1uo5oqcy7r8g4","newIds":0,"changedIds":0,"removedIds":0,"already deleted ids":0,"peerId":"12D3KooWLNJbA9gUwccuhxyWvn2uyrNUt7AHYCaQV5FWTq6Ss7AR"}
{"level":"INFO","ts":"2025-07-28T02:12:34.685+0600","logger":"common.commonspace.headsync","msg":"sync done:","spaceId":"bafyreicdzq6c3kz6nsonwfhiusmdbotrbqi7gycegdbl6j5ks5twhbfvzi.1uo5oqcy7r8g4","newIds":0,"changedIds":0,"removedIds":0,"already deleted ids":0,"peerId":"12D3KooWLNJbA9gUwccuhxyWvn2uyrNUt7AHYCaQV5FWTq6Ss7AR"}
{"level":"INFO","ts":"2025-07-28T02:13:35.512+0600","logger":"common.commonspace.headsync","msg":"sync done:","spaceId":"bafyreighnykrv6ipujtts2vjweuazwlsllr4mghxr7imohxwnio4xrvvle.1uo5oqcy7r8g4","newIds":0,"changedIds":0,"removedIds":0,"already deleted ids":0,"peerId":"12D3KooWLNJbA9gUwccuhxyWvn2uyrNUt7AHYCaQV5FWTq6Ss7AR"}
{"level":"INFO","ts":"2025-07-28T02:15:15.509+0600","logger":"common.commonspace.headsync","msg":"sync done:","spaceId":"bafyreieob5ffqwsrg7u4z2epgpst2rin7onhyjn257hxcu3tbifldda47e.1uo5oqcy7r8g4","newIds":0,"changedIds":0,"removedIds":0,"already deleted ids":0,"peerId":"12D3KooWLNJbA9gUwccuhxyWvn2uyrNUt7AHYCaQV5FWTq6Ss7AR"}
{"level":"INFO","ts":"2025-07-28T02:15:54.705+0600","logger":"common.commonspace.headsync","msg":"sync done:","spaceId":"bafyreicdzq6c3kz6nsonwfhiusmdbotrbqi7gycegdbl6j5ks5twhbfvzi.1uo5oqcy7r8g4","newIds":0,"changedIds":0,"removedIds":0,"already deleted ids":0,"peerId":"12D3KooWLNJbA9gUwccuhxyWvn2uyrNUt7AHYCaQV5FWTq6Ss7AR"}
{"level":"INFO","ts":"2025-07-28T02:16:55.512+0600","logger":"common.commonspace.headsync","msg":"sync done:","spaceId":"bafyreighnykrv6ipujtts2vjweuazwlsllr4mghxr7imohxwnio4xrvvle.1uo5oqcy7r8g4","newIds":0,"changedIds":0,"removedIds":0,"already deleted ids":0,"peerId":"12D3KooWLNJbA9gUwccuhxyWvn2uyrNUt7AHYCaQV5FWTq6Ss7AR"}
{"level":"INFO","ts":"2025-07-28T02:18:35.526+0600","logger":"common.commonspace.headsync","msg":"sync done:","spaceId":"bafyreieob5ffqwsrg7u4z2epgpst2rin7onhyjn257hxcu3tbifldda47e.1uo5oqcy7r8g4","newIds":0,"changedIds":0,"removedIds":0,"already deleted ids":0,"peerId":"12D3KooWLNJbA9gUwccuhxyWvn2uyrNUt7AHYCaQV5FWTq6Ss7AR"}
{"level":"INFO","ts":"2025-07-28T02:19:34.703+0600","logger":"common.commonspace.headsync","msg":"sync done:","spaceId":"bafyreicdzq6c3kz6nsonwfhiusmdbotrbqi7gycegdbl6j5ks5twhbfvzi.1uo5oqcy7r8g4","newIds":0,"changedIds":0,"removedIds":0,"already deleted ids":0,"peerId":"12D3KooWLNJbA9gUwccuhxyWvn2uyrNUt7AHYCaQV5FWTq6Ss7AR"}
{"level":"INFO","ts":"2025-07-28T02:20:15.512+0600","logger":"common.commonspace.headsync","msg":"sync done:","spaceId":"bafyreighnykrv6ipujtts2vjweuazwlsllr4mghxr7imohxwnio4xrvvle.1uo5oqcy7r8g4","newIds":0,"changedIds":0,"removedIds":0,"already deleted ids":0,"peerId":"12D3KooWLNJbA9gUwccuhxyWvn2uyrNUt7AHYCaQV5FWTq6Ss7AR"}
{"level":"INFO","ts":"2025-07-28T02:21:55.534+0600","logger":"common.commonspace.headsync","msg":"sync done:","spaceId":"bafyreieob5ffqwsrg7u4z2epgpst2rin7onhyjn257hxcu3tbifldda47e.1uo5oqcy7r8g4","newIds":0,"changedIds":0,"removedIds":0,"already deleted ids":0,"peerId":"12D3KooWLNJbA9gUwccuhxyWvn2uyrNUt7AHYCaQV5FWTq6Ss7AR"}
{"level":"INFO","ts":"2025-07-28T02:23:14.705+0600","logger":"common.commonspace.headsync","msg":"sync done:","spaceId":"bafyreicdzq6c3kz6nsonwfhiusmdbotrbqi7gycegdbl6j5ks5twhbfvzi.1uo5oqcy7r8g4","newIds":0,"changedIds":0,"removedIds":0,"already deleted ids":0,"peerId":"12D3KooWLNJbA9gUwccuhxyWvn2uyrNUt7AHYCaQV5FWTq6Ss7AR"}
{"level":"INFO","ts":"2025-07-28T02:23:35.546+0600","logger":"common.commonspace.headsync","msg":"sync done:","spaceId":"bafyreighnykrv6ipujtts2vjweuazwlsllr4mghxr7imohxwnio4xrvvle.1uo5oqcy7r8g4","newIds":0,"changedIds":0,"removedIds":0,"already deleted ids":0,"peerId":"12D3KooWLNJbA9gUwccuhxyWvn2uyrNUt7AHYCaQV5FWTq6Ss7AR"}
{"level":"INFO","ts":"2025-07-28T02:25:35.510+0600","logger":"common.commonspace.headsync","msg":"sync done:","spaceId":"bafyreieob5ffqwsrg7u4z2epgpst2rin7onhyjn257hxcu3tbifldda47e.1uo5oqcy7r8g4","newIds":0,"changedIds":0,"removedIds":0,"already deleted ids":0,"peerId":"12D3KooWLNJbA9gUwccuhxyWvn2uyrNUt7AHYCaQV5FWTq6Ss7AR"}
{"level":"INFO","ts":"2025-07-28T02:26:54.685+0600","logger":"common.commonspace.headsync","msg":"sync done:","spaceId":"bafyreicdzq6c3kz6nsonwfhiusmdbotrbqi7gycegdbl6j5ks5twhbfvzi.1uo5oqcy7r8g4","newIds":0,"changedIds":0,"removedIds":0,"already deleted ids":0,"peerId":"12D3KooWLNJbA9gUwccuhxyWvn2uyrNUt7AHYCaQV5FWTq6Ss7AR"}
{"level":"INFO","ts":"2025-07-28T02:27:15.512+0600","logger":"common.commonspace.headsync","msg":"sync done:","spaceId":"bafyreighnykrv6ipujtts2vjweuazwlsllr4mghxr7imohxwnio4xrvvle.1uo5oqcy7r8g4","newIds":0,"changedIds":0,"removedIds":0,"already deleted ids":0,"peerId":"12D3KooWLNJbA9gUwccuhxyWvn2uyrNUt7AHYCaQV5FWTq6Ss7AR"}
{"level":"INFO","ts":"2025-07-28T02:29:15.510+0600","logger":"common.commonspace.headsync","msg":"sync done:","spaceId":"bafyreieob5ffqwsrg7u4z2epgpst2rin7onhyjn257hxcu3tbifldda47e.1uo5oqcy7r8g4","newIds":0,"changedIds":0,"removedIds":0,"already deleted ids":0,"peerId":"12D3KooWLNJbA9gUwccuhxyWvn2uyrNUt7AHYCaQV5FWTq6Ss7AR"}
{"level":"INFO","ts":"2025-07-28T02:30:14.692+0600","logger":"common.commonspace.headsync","msg":"sync done:","spaceId":"bafyreicdzq6c3kz6nsonwfhiusmdbotrbqi7gycegdbl6j5ks5twhbfvzi.1uo5oqcy7r8g4","newIds":0,"changedIds":0,"removedIds":0,"already deleted ids":0,"peerId":"12D3KooWLNJbA9gUwccuhxyWvn2uyrNUt7AHYCaQV5FWTq6Ss7AR"}
{"level":"INFO","ts":"2025-07-28T02:30:35.519+0600","logger":"common.commonspace.headsync","msg":"sync done:","spaceId":"bafyreighnykrv6ipujtts2vjweuazwlsllr4mghxr7imohxwnio4xrvvle.1uo5oqcy7r8g4","newIds":0,"changedIds":0,"removedIds":0,"already deleted ids":0,"peerId":"12D3KooWLNJbA9gUwccuhxyWvn2uyrNUt7AHYCaQV5FWTq6Ss7AR"}
{"level":"INFO","ts":"2025-07-28T02:32:35.526+0600","logger":"common.commonspace.headsync","msg":"sync done:","spaceId":"bafyreieob5ffqwsrg7u4z2epgpst2rin7onhyjn257hxcu3tbifldda47e.1uo5oqcy7r8g4","newIds":0,"changedIds":0,"removedIds":0,"already deleted ids":0,"peerId":"12D3KooWLNJbA9gUwccuhxyWvn2uyrNUt7AHYCaQV5FWTq6Ss7AR"}
{"level":"INFO","ts":"2025-07-28T02:33:54.708+0600","logger":"common.commonspace.headsync","msg":"sync done:","spaceId":"bafyreicdzq6c3kz6nsonwfhiusmdbotrbqi7gycegdbl6j5ks5twhbfvzi.1uo5oqcy7r8g4","newIds":0,"changedIds":0,"removedIds":0,"already deleted ids":0,"peerId":"12D3KooWLNJbA9gUwccuhxyWvn2uyrNUt7AHYCaQV5FWTq6Ss7AR"}
{"level":"INFO","ts":"2025-07-28T02:33:55.528+0600","logger":"common.commonspace.headsync","msg":"sync done:","spaceId":"bafyreighnykrv6ipujtts2vjweuazwlsllr4mghxr7imohxwnio4xrvvle.1uo5oqcy7r8g4","newIds":0,"changedIds":0,"removedIds":0,"already deleted ids":0,"peerId":"12D3KooWLNJbA9gUwccuhxyWvn2uyrNUt7AHYCaQV5FWTq6Ss7AR"}
{"level":"INFO","ts":"2025-07-28T02:35:55.534+0600","logger":"common.commonspace.headsync","msg":"sync done:","spaceId":"bafyreieob5ffqwsrg7u4z2epgpst2rin7onhyjn257hxcu3tbifldda47e.1uo5oqcy7r8g4","newIds":0,"changedIds":0,"removedIds":0,"already deleted ids":0,"peerId":"12D3KooWLNJbA9gUwccuhxyWvn2uyrNUt7AHYCaQV5FWTq6Ss7AR"}
{"level":"INFO","ts":"2025-07-28T02:37:15.705+0600","logger":"common.commonspace.headsync","msg":"sync done:","spaceId":"bafyreighnykrv6ipujtts2vjweuazwlsllr4mghxr7imohxwnio4xrvvle.1uo5oqcy7r8g4","newIds":0,"changedIds":0,"removedIds":0,"already deleted ids":0,"peerId":"12D3KooWLNJbA9gUwccuhxyWvn2uyrNUt7AHYCaQV5FWTq6Ss7AR"}
{"level":"INFO","ts":"2025-07-28T02:37:34.889+0600","logger":"common.commonspace.headsync","msg":"sync done:","spaceId":"bafyreicdzq6c3kz6nsonwfhiusmdbotrbqi7gycegdbl6j5ks5twhbfvzi.1uo5oqcy7r8g4","newIds":0,"changedIds":0,"removedIds":0,"already deleted ids":0,"peerId":"12D3KooWLNJbA9gUwccuhxyWvn2uyrNUt7AHYCaQV5FWTq6Ss7AR"}
{"level":"INFO","ts":"2025-07-28T02:39:35.509+0600","logger":"common.commonspace.headsync","msg":"sync done:","spaceId":"bafyreieob5ffqwsrg7u4z2epgpst2rin7onhyjn257hxcu3tbifldda47e.1uo5oqcy7r8g4","newIds":0,"changedIds":0,"removedIds":0,"already deleted ids":0,"peerId":"12D3KooWLNJbA9gUwccuhxyWvn2uyrNUt7AHYCaQV5FWTq6Ss7AR"}
{"level":"INFO","ts":"2025-07-28T02:40:55.511+0600","logger":"common.commonspace.headsync","msg":"sync done:","spaceId":"bafyreighnykrv6ipujtts2vjweuazwlsllr4mghxr7imohxwnio4xrvvle.1uo5oqcy7r8g4","newIds":0,"changedIds":0,"removedIds":0,"already deleted ids":0,"peerId":"12D3KooWLNJbA9gUwccuhxyWvn2uyrNUt7AHYCaQV5FWTq6Ss7AR"}
{"level":"INFO","ts":"2025-07-28T02:41:14.684+0600","logger":"common.commonspace.headsync","msg":"sync done:","spaceId":"bafyreicdzq6c3kz6nsonwfhiusmdbotrbqi7gycegdbl6j5ks5twhbfvzi.1uo5oqcy7r8g4","newIds":0,"changedIds":0,"removedIds":0,"already deleted ids":0,"peerId":"12D3KooWLNJbA9gUwccuhxyWvn2uyrNUt7AHYCaQV5FWTq6Ss7AR"}
{"level":"INFO","ts":"2025-07-28T02:43:15.509+0600","logger":"common.commonspace.headsync","msg":"sync done:","spaceId":"bafyreieob5ffqwsrg7u4z2epgpst2rin7onhyjn257hxcu3tbifldda47e.1uo5oqcy7r8g4","newIds":0,"changedIds":0,"removedIds":0,"already deleted ids":0,"peerId":"12D3KooWLNJbA9gUwccuhxyWvn2uyrNUt7AHYCaQV5FWTq6Ss7AR"}
{"level":"INFO","ts":"2025-07-28T02:44:15.527+0600","logger":"common.commonspace.headsync","msg":"sync done:","spaceId":"bafyreighnykrv6ipujtts2vjweuazwlsllr4mghxr7imohxwnio4xrvvle.1uo5oqcy7r8g4","newIds":0,"changedIds":0,"removedIds":0,"already deleted ids":0,"peerId":"12D3KooWLNJbA9gUwccuhxyWvn2uyrNUt7AHYCaQV5FWTq6Ss7AR"}
{"level":"INFO","ts":"2025-07-28T02:44:34.718+0600","logger":"common.commonspace.headsync","msg":"sync done:","spaceId":"bafyreicdzq6c3kz6nsonwfhiusmdbotrbqi7gycegdbl6j5ks5twhbfvzi.1uo5oqcy7r8g4","newIds":0,"changedIds":0,"removedIds":0,"already deleted ids":0,"peerId":"12D3KooWLNJbA9gUwccuhxyWvn2uyrNUt7AHYCaQV5FWTq6Ss7AR"}
{"level":"INFO","ts":"2025-07-28T02:46:35.538+0600","logger":"common.commonspace.headsync","msg":"sync done:","spaceId":"bafyreieob5ffqwsrg7u4z2epgpst2rin7onhyjn257hxcu3tbifldda47e.1uo5oqcy7r8g4","newIds":0,"changedIds":0,"removedIds":0,"already deleted ids":0,"peerId":"12D3KooWLNJbA9gUwccuhxyWvn2uyrNUt7AHYCaQV5FWTq6Ss7AR"}
{"level":"INFO","ts":"2025-07-28T02:47:55.747+0600","logger":"common.commonspace.headsync","msg":"sync done:","spaceId":"bafyreighnykrv6ipujtts2vjweuazwlsllr4mghxr7imohxwnio4xrvvle.1uo5oqcy7r8g4","newIds":0,"changedIds":0,"removedIds":0,"already deleted ids":0,"peerId":"12D3KooWLNJbA9gUwccuhxyWvn2uyrNUt7AHYCaQV5FWTq6Ss7AR"}
{"level":"INFO","ts":"2025-07-28T02:48:14.701+0600","logger":"common.commonspace.headsync","msg":"sync done:","spaceId":"bafyreicdzq6c3kz6nsonwfhiusmdbotrbqi7gycegdbl6j5ks5twhbfvzi.1uo5oqcy7r8g4","newIds":0,"changedIds":0,"removedIds":0,"already deleted ids":0,"peerId":"12D3KooWLNJbA9gUwccuhxyWvn2uyrNUt7AHYCaQV5FWTq6Ss7AR"}
{"level":"INFO","ts":"2025-07-28T02:50:15.543+0600","logger":"common.commonspace.headsync","msg":"sync done:","spaceId":"bafyreieob5ffqwsrg7u4z2epgpst2rin7onhyjn257hxcu3tbifldda47e.1uo5oqcy7r8g4","newIds":0,"changedIds":0,"removedIds":0,"already deleted ids":0,"peerId":"12D3KooWLNJbA9gUwccuhxyWvn2uyrNUt7AHYCaQV5FWTq6Ss7AR"}
{"level":"INFO","ts":"2025-07-28T02:51:35.511+0600","logger":"common.commonspace.headsync","msg":"sync done:","spaceId":"bafyreighnykrv6ipujtts2vjweuazwlsllr4mghxr7imohxwnio4xrvvle.1uo5oqcy7r8g4","newIds":0,"changedIds":0,"removedIds":0,"already deleted ids":0,"peerId":"12D3KooWLNJbA9gUwccuhxyWvn2uyrNUt7AHYCaQV5FWTq6Ss7AR"}
{"level":"INFO","ts":"2025-07-28T02:51:54.685+0600","logger":"common.commonspace.headsync","msg":"sync done:","spaceId":"bafyreicdzq6c3kz6nsonwfhiusmdbotrbqi7gycegdbl6j5ks5twhbfvzi.1uo5oqcy7r8g4","newIds":0,"changedIds":0,"removedIds":0,"already deleted ids":0,"peerId":"12D3KooWLNJbA9gUwccuhxyWvn2uyrNUt7AHYCaQV5FWTq6Ss7AR"}
{"level":"INFO","ts":"2025-07-28T02:53:55.487+0600","logger":"common.commonspace.headsync","msg":"sync done:","spaceId":"bafyreieob5ffqwsrg7u4z2epgpst2rin7onhyjn257hxcu3tbifldda47e.1uo5oqcy7r8g4","newIds":0,"changedIds":0,"removedIds":0,"already deleted ids":0,"peerId":"12D3KooWLNJbA9gUwccuhxyWvn2uyrNUt7AHYCaQV5FWTq6Ss7AR"}
{"level":"INFO","ts":"2025-07-28T02:55:15.488+0600","logger":"common.commonspace.headsync","msg":"sync done:","spaceId":"bafyreighnykrv6ipujtts2vjweuazwlsllr4mghxr7imohxwnio4xrvvle.1uo5oqcy7r8g4","newIds":0,"changedIds":0,"removedIds":0,"already deleted ids":0,"peerId":"12D3KooWLNJbA9gUwccuhxyWvn2uyrNUt7AHYCaQV5FWTq6Ss7AR"}
{"level":"INFO","ts":"2025-07-28T02:55:34.662+0600","logger":"common.commonspace.headsync","msg":"sync done:","spaceId":"bafyreicdzq6c3kz6nsonwfhiusmdbotrbqi7gycegdbl6j5ks5twhbfvzi.1uo5oqcy7r8g4","newIds":0,"changedIds":0,"removedIds":0,"already deleted ids":0,"peerId":"12D3KooWLNJbA9gUwccuhxyWvn2uyrNUt7AHYCaQV5FWTq6Ss7AR"}
{"level":"INFO","ts":"2025-07-28T02:57:35.486+0600","logger":"common.commonspace.headsync","msg":"sync done:","spaceId":"bafyreieob5ffqwsrg7u4z2epgpst2rin7onhyjn257hxcu3tbifldda47e.1uo5oqcy7r8g4","newIds":0,"changedIds":0,"removedIds":0,"already deleted ids":0,"peerId":"12D3KooWLNJbA9gUwccuhxyWvn2uyrNUt7AHYCaQV5FWTq6Ss7AR"}
{"level":"ERROR","ts":"2025-07-28T02:57:44.755+0600","logger":"anytype-mw-api","msg":"stream eyJhbGciOiJIUzI1NiIsInR5cCI6IkpXVCJ9.eyJzZWVkIjoidUF0VndSSGkifQ.fd7l_IeInR4x6_E4_K_w0rNivmIOphAHQvHo2GzoV5o interrupted"}
{"level":"WARN","ts":"2025-07-28T02:57:44.756+0600","logger":"anytype-core-account","msg":"stopping app"}
{"level":"ERROR","ts":"2025-07-28T02:57:44.756+0600","logger":"fileobject","msg":"index loop: wait for index request: context canceled"}
